[21:11:49] [modloading-worker-0/INFO] ========================================
[21:11:49] [modloading-worker-0/INFO] Minecraft: 1.20.1
[21:11:49] [modloading-worker-0/INFO] Side: server
[21:11:49] [modloading-worker-0/INFO] Development: false
[21:11:49] [modloading-worker-0/INFO] Version: 12.1.785
[21:11:49] [modloading-worker-0/INFO] Loader:
[21:11:49] [modloading-worker-0/INFO] - Forge: 47.2.20
[21:11:49] [modloading-worker-0/INFO] Dependencies:
[21:11:49] [modloading-worker-0/INFO] - Cloth Config: 11.1.136
[21:11:49] [modloading-worker-0/INFO] - Architectury: 9.2.14
[21:11:49] [modloading-worker-0/INFO] Mixin: 0.8.5
[21:11:49] [modloading-worker-0/INFO] OS: Windows 11 10.0 (amd64)
[21:11:49] [modloading-worker-0/INFO] Java: 17.0.11 (Oracle Corporation)
[21:11:49] [modloading-worker-0/INFO] ========================================
[21:11:49] [modloading-worker-0/INFO] Mods:
[21:11:49] [modloading-worker-0/INFO] - aiimprovements: 0.5.2
[21:11:49] [modloading-worker-0/INFO] - alexscaves: 2.0.2
[21:11:49] [modloading-worker-0/INFO] - alexsmobs: 1.22.9
[21:11:49] [modloading-worker-0/INFO] - amendments: 1.20-1.2.12
[21:11:49] [modloading-worker-0/INFO] - ants_unleashed: 1.0.0
[21:11:49] [modloading-worker-0/INFO] - appleskin: 2.5.1+mc1.20.1
[21:11:49] [modloading-worker-0/INFO] - aquaculture: 2.5.2
[21:11:49] [modloading-worker-0/INFO] - aquamirae: 6.API15
[21:11:49] [modloading-worker-0/INFO] - architectury: 9.2.14
[21:11:49] [modloading-worker-0/INFO] - arclight: 1.20.1-1.0.5-1a8925b
[21:11:49] [modloading-worker-0/INFO] - bakery: 1.1.15
[21:11:49] [modloading-worker-0/INFO] - betteradvancements: 0.4.2.10
[21:11:49] [modloading-worker-0/INFO] - biomesoplenty: 18.0.0.592
[21:11:49] [modloading-worker-0/INFO] - bloodandmadness: 2.0
[21:11:49] [modloading-worker-0/INFO] - blue_skies: 1.3.31
[21:11:49] [modloading-worker-0/INFO] - bosses_of_mass_destruction: 1.1.1
[21:11:49] [modloading-worker-0/INFO] - brutalbosses: 1.20.1-7.1
[21:11:49] [modloading-worker-0/INFO] - call_of_yucutan: 1.0.13
[21:11:49] [modloading-worker-0/INFO] - carryon: 2.1.2.7
[21:11:49] [modloading-worker-0/INFO] - cataclysm: 2.16
[21:11:49] [modloading-worker-0/INFO] - catalogue: 1.8.0
[21:11:49] [modloading-worker-0/INFO] - cerbons_api: 1.0.0
[21:11:49] [modloading-worker-0/INFO] - citadel: 2.6.0
[21:11:49] [modloading-worker-0/INFO] - cloth_config: 11.1.136
[21:11:49] [modloading-worker-0/INFO] - comforts: 6.4.0+1.20.1
[21:11:49] [modloading-worker-0/INFO] - connectivity: 1.20.1-5.6
[21:11:49] [modloading-worker-0/INFO] - cpm: 0.6.19a
[21:11:49] [modloading-worker-0/INFO] - creativecore: 2.12.22
[21:11:49] [modloading-worker-0/INFO] - creeperoverhaul: 3.0.2
[21:11:49] [modloading-worker-0/INFO] - cupboard: 1.20.1-2.7
[21:11:49] [modloading-worker-0/INFO] - curios: 5.11.0+1.20.1
[21:11:49] [modloading-worker-0/INFO] - doapi: 1.2.15
[21:11:49] [modloading-worker-0/INFO] - endreborn: 1.1.5
[21:11:49] [modloading-worker-0/INFO] - endrem: 5.3.3-R-1.20.1
[21:11:49] [modloading-worker-0/INFO] - epicfight: 20.9.5
[21:11:49] [modloading-worker-0/INFO] - farmersdelight: 1.20.1-1.2.5
[21:11:49] [modloading-worker-0/INFO] - forge: 47.2.20
[21:11:49] [modloading-worker-0/INFO] - framework: 0.7.11
[21:11:49] [modloading-worker-0/INFO] - geckolib: 4.4.9
[21:11:49] [modloading-worker-0/INFO] - goblins: 0.9
[21:11:49] [modloading-worker-0/INFO] - goblintraders: 1.9.3
[21:11:49] [modloading-worker-0/INFO] - graveyard: 3.1
[21:11:49] [modloading-worker-0/INFO] - hoporp: 1.3.7
[21:11:49] [modloading-worker-0/INFO] - hopour: 1.1.4
[21:11:49] [modloading-worker-0/INFO] - iceandfire: 2.1.13-1.20.1
[21:11:49] [modloading-worker-0/INFO] - integrated_api: 1.5.1+1.20.1-forge
[21:11:49] [modloading-worker-0/INFO] - iter_rpg: 0.7.3
[21:11:49] [modloading-worker-0/INFO] - jade: 11.12.2+forge
[21:11:49] [modloading-worker-0/INFO] - lionfishapi: 1.9
[21:11:49] [modloading-worker-0/INFO] - littleframes: 1.3.10
[21:11:49] [modloading-worker-0/INFO] - lucent: 1.5.5
[21:11:49] [modloading-worker-0/INFO] - minecraft: 1.20.1
[21:11:49] [modloading-worker-0/INFO] - mirabilis: 1.1.1
[21:11:49] [modloading-worker-0/INFO] - mixinextras: 0.2.0-beta.7
[21:11:49] [modloading-worker-0/INFO] - moonlight: 1.20-2.13.22
[21:11:49] [modloading-worker-0/INFO] - mowziesmobs: 1.6.4
[21:11:49] [modloading-worker-0/INFO] - mvs: 4.1.4-1.20-forge
[21:11:49] [modloading-worker-0/INFO] - naturalist: 4.0.3
[21:11:49] [modloading-worker-0/INFO] - obscure_api: 15
[21:11:49] [modloading-worker-0/INFO] - openpartiesandclaims: 0.23.2
[21:11:49] [modloading-worker-0/INFO] - orcz: 0.82
[21:11:49] [modloading-worker-0/INFO] - philipsruins: 4.6
[21:11:49] [modloading-worker-0/INFO] - pizzacraft: 7.0.8
[21:11:49] [modloading-worker-0/INFO] - pizzadelight: 1.0.0
[21:11:49] [modloading-worker-0/INFO] - recipeessentials: 1.20.1-3.6
[21:11:49] [modloading-worker-0/INFO] - resourcefulconfig: 2.1.2
[21:11:49] [modloading-worker-0/INFO] - resourcefullib: 2.1.29
[21:11:49] [modloading-worker-0/INFO] - ribbits: 1.20.1-Forge-3.0.0
[21:11:49] [modloading-worker-0/INFO] - roughlyenoughitems: 12.1.785
[21:11:49] [modloading-worker-0/INFO] - royalvariations: 1.0.0
[21:11:49] [modloading-worker-0/INFO] - rustic_engineer: 1.0.0
[21:11:49] [modloading-worker-0/INFO] - seadwellers: 2.9.9
[21:11:49] [modloading-worker-0/INFO] - securitycraft: 1.9.11
[21:11:49] [modloading-worker-0/INFO] - smallships: 2.0.0-b1.4
[21:11:49] [modloading-worker-0/INFO] - smoothchunk: 1.20.1-3.6
[21:11:49] [modloading-worker-0/INFO] - sophisticatedbackpacks: 3.20.12.1126
[21:11:49] [modloading-worker-0/INFO] - sophisticatedcore: 0.6.35.733
[21:11:49] [modloading-worker-0/INFO] - spartanshields: 3.1.1
[21:11:49] [modloading-worker-0/INFO] - spartanweaponry: 3.1.3
[21:11:49] [modloading-worker-0/INFO] - spectrelib: 0.13.15+1.20.1
[21:11:49] [modloading-worker-0/INFO] - structure_gel: 2.16.2
[21:11:49] [modloading-worker-0/INFO] - swampier_swamps: 1.20-4.0.0
[21:11:49] [modloading-worker-0/INFO] - taxcp: 1.0.1
[21:11:49] [modloading-worker-0/INFO] - taxva: 1.1.1
[21:11:49] [modloading-worker-0/INFO] - terrablender: 3.0.1.7
[21:11:49] [modloading-worker-0/INFO] - terraform: 7.0.1
[21:11:49] [modloading-worker-0/INFO] - tht: 6.2.11.3
[21:11:49] [modloading-worker-0/INFO] - travelersbackpack: 9.1.16
[21:11:49] [modloading-worker-0/INFO] - twilightforest: 4.3.2508
[21:11:49] [modloading-worker-0/INFO] - valhelsia_core: 1.1.2
[21:11:49] [modloading-worker-0/INFO] - valhelsia_furniture: 1.1.3
[21:11:49] [modloading-worker-0/INFO] - xaeroworldmap: 1.39.0
[21:11:49] [modloading-worker-0/INFO] - yungsapi: 1.20-Forge-4.0.6
[21:11:49] [modloading-worker-0/INFO] ========================================
[21:11:49] [modloading-worker-0/INFO] [REI] Registered plugin provider ReiCompat [travelersbackpack] for REIPlugin
[21:11:49] [modloading-worker-0/INFO] [REI] Registered plugin provider DefaultPluginImpl [roughlyenoughitems] for REIServerPlugin
[21:11:49] [modloading-worker-0/INFO] [REI] Registered plugin provider DefaultPluginImpl [roughlyenoughitems] for REIPlugin
[21:11:49] [modloading-worker-0/INFO] [REI] Registered plugin provider DefaultRuntimePlugin [roughlyenoughitems] for REIServerPlugin
[21:11:49] [modloading-worker-0/INFO] [REI] Registered plugin provider DefaultRuntimePlugin [roughlyenoughitems] for REIPlugin
[21:11:49] [modloading-worker-0/INFO] [REI] Registered plugin provider ReiCompat [travelersbackpack] for REIServerPlugin
[21:12:19] [Worker-Main-7/DEBUG] [REI] Processed 0 tags in 25.80 μs for minecraft:damage_type
[21:12:19] [Worker-Main-6/DEBUG] [REI] Processed 0 tags in 902.5 μs for minecraft:worldgen/flat_level_generator_preset
[21:12:19] [Worker-Main-3/DEBUG] [REI] Processed 40 tags in 3.954 ms for minecraft:banner_pattern
[21:12:19] [Worker-Main-5/DEBUG] [REI] Processed 2 tags in 1.756 ms for minecraft:cat_variant
[21:12:19] [Worker-Main-2/DEBUG] [REI] Processed 3 tags in 3.745 ms for minecraft:instrument
[21:12:19] [Worker-Main-4/DEBUG] [REI] Processed 1 tags in 2.826 ms for minecraft:enchantment
[21:12:19] [Worker-Main-7/DEBUG] [REI] Processed 0 tags in 15.20 μs for twilight:wood_palettes
[21:12:19] [Worker-Main-3/DEBUG] [REI] Processed 5 tags in 167.9 μs for minecraft:game_event
[21:12:19] [Worker-Main-6/DEBUG] [REI] Processed 0 tags in 14.40 μs for minecraft:worldgen/structure_set
[21:12:19] [Worker-Main-2/DEBUG] [REI] Processed 10 tags in 63.40 μs for minecraft:fluid
[21:12:19] [Worker-Main-6/DEBUG] [REI] Processed 3 tags in 96.80 μs for minecraft:point_of_interest_type
[21:12:19] [Worker-Main-5/DEBUG] [REI] Processed 0 tags in 86.40 μs for minecraft:worldgen/structure
[21:12:19] [Worker-Main-4/DEBUG] [REI] Processed 2 tags in 83.30 μs for minecraft:block_entity_type
[21:12:19] [Worker-Main-2/DEBUG] [REI] Processed 1 tags in 48.80 μs for minecraft:mob_effect
[21:12:19] [Worker-Main-2/DEBUG] [REI] Processed 0 tags in 12.10 μs for minecraft:dimension_type
[21:12:19] [Worker-Main-4/DEBUG] [REI] Processed 1 tags in 44.70 μs for minecraft:painting_variant
[21:12:19] [Worker-Main-4/DEBUG] [REI] Processed 0 tags in 16.80 μs for minecraft:worldgen/world_preset
[21:12:19] [Worker-Main-2/DEBUG] [REI] Processed 0 tags in 14.00 μs for moonlight:soft_fluids
[21:12:19] [Worker-Main-4/DEBUG] [REI] Processed 28 tags in 110.6 μs for spartanweaponry:weapon_traits
[21:12:19] [Worker-Main-7/DEBUG] [REI] Processed 154 tags in 1.337 ms for minecraft:entity_type
[21:12:19] [Worker-Main-6/DEBUG] [REI] Processed 0 tags in 2.790 ms for minecraft:worldgen/biome
[21:12:19] [Worker-Main-3/DEBUG] [REI] Processed 720 tags in 11.95 ms for minecraft:block
[21:12:19] [Worker-Main-1/DEBUG] [REI] Processed 1008 tags in 11.09 ms for minecraft:item
[21:12:23] [main/DEBUG] [REI] Starting Reload Plugins of stage null
java.lang.Throwable
	at TRANSFORMER/roughlyenoughitems@12.1.785/me.shedaniel.rei.impl.common.plugins.ReloadManagerImpl.reloadPlugins(ReloadManagerImpl.java:110)
	at TRANSFORMER/roughlyenoughitems@12.1.785/me.shedaniel.rei.RoughlyEnoughItemsCore.lambda$onInitialize$5(RoughlyEnoughItemsCore.java:163)
	at java.base/java.util.concurrent.CompletableFuture$UniRun.tryFire(CompletableFuture.java:787)
	at java.base/java.util.concurrent.CompletableFuture$Completion.run(CompletableFuture.java:482)
	at TRANSFORMER/minecraft@1.20.1/net.minecraft.server.packs.resources.SimpleReloadInstance.m_143940_(SimpleReloadInstance.java:69)
	at TRANSFORMER/minecraft@1.20.1/net.minecraft.Util.m_214652_(Util.java:783)
	at TRANSFORMER/minecraft@1.20.1/net.minecraft.Util.m_214679_(Util.java:772)
	at TRANSFORMER/minecraft@1.20.1/net.minecraft.server.Main.main(Main.java:166)
	at java.base/jdk.internal.reflect.NativeMethodAccessorImpl.invoke0(Native Method)
	at java.base/jdk.internal.reflect.NativeMethodAccessorImpl.invoke(NativeMethodAccessorImpl.java:77)
	at java.base/jdk.internal.reflect.DelegatingMethodAccessorImpl.invoke(DelegatingMethodAccessorImpl.java:43)
	at java.base/java.lang.reflect.Method.invoke(Method.java:568)
	at MC-BOOTSTRAP/fmlloader@1.20.1-47.2.20/net.minecraftforge.fml.loading.targets.CommonLaunchHandler.runTarget(CommonLaunchHandler.java:111)
	at MC-BOOTSTRAP/fmlloader@1.20.1-47.2.20/net.minecraftforge.fml.loading.targets.CommonLaunchHandler.serverService(CommonLaunchHandler.java:103)
	at MC-BOOTSTRAP/fmlloader@1.20.1-47.2.20/net.minecraftforge.fml.loading.targets.CommonServerLaunchHandler.lambda$makeService$0(CommonServerLaunchHandler.java:27)
	at MC-BOOTSTRAP/cpw.mods.modlauncher@10.0.9/cpw.mods.modlauncher.LaunchServiceHandlerDecorator.launch(LaunchServiceHandlerDecorator.java:30)
	at MC-BOOTSTRAP/cpw.mods.modlauncher@10.0.9/cpw.mods.modlauncher.LaunchServiceHandler.launch(LaunchServiceHandler.java:53)
	at MC-BOOTSTRAP/cpw.mods.modlauncher@10.0.9/cpw.mods.modlauncher.LaunchServiceHandler.launch(LaunchServiceHandler.java:71)
	at MC-BOOTSTRAP/cpw.mods.modlauncher@10.0.9/cpw.mods.modlauncher.Launcher.run(Launcher.java:108)
	at MC-BOOTSTRAP/cpw.mods.modlauncher@10.0.9/cpw.mods.modlauncher.Launcher.main(Launcher.java:78)
	at MC-BOOTSTRAP/cpw.mods.modlauncher@10.0.9/cpw.mods.modlauncher.BootstrapLaunchConsumer.accept(BootstrapLaunchConsumer.java:26)
	at MC-BOOTSTRAP/cpw.mods.modlauncher@10.0.9/cpw.mods.modlauncher.BootstrapLaunchConsumer.accept(BootstrapLaunchConsumer.java:23)
	at MC-BOOTSTRAP/arclight.boot@1.20.1-1.0.5/io.izzel.arclight.boot.application.ApplicationBootstrap.accept(ApplicationBootstrap.java:46)
	at MC-BOOTSTRAP/arclight.boot@1.20.1-1.0.5/io.izzel.arclight.boot.application.ApplicationBootstrap.accept(ApplicationBootstrap.java:13)
	at cpw.mods.bootstraplauncher@1.1.2/cpw.mods.bootstraplauncher.BootstrapLauncher.main(BootstrapLauncher.java:141)
	at java.base/jdk.internal.reflect.NativeMethodAccessorImpl.invoke0(Native Method)
	at java.base/jdk.internal.reflect.NativeMethodAccessorImpl.invoke(NativeMethodAccessorImpl.java:77)
	at java.base/jdk.internal.reflect.DelegatingMethodAccessorImpl.invoke(DelegatingMethodAccessorImpl.java:43)
	at java.base/java.lang.reflect.Method.invoke(Method.java:568)
	at io.izzel.arclight.boot.application.Main_Forge.main(Main_Forge.java:23)
	at io.izzel.arclight.server.Launcher.main(Launcher.java:18)
[21:12:23] [main/DEBUG] [REI] ========================================
[21:12:23] [main/DEBUG] [REI] REIPlugin starting pre-reload for START.
[21:12:23] [main/DEBUG] [REI] Reloadables (7):
[21:12:23] [main/DEBUG] [REI]  - EntryTypeRegistryImpl
[21:12:23] [main/DEBUG] [REI]  - EntrySettingsAdapterRegistryImpl
[21:12:23] [main/DEBUG] [REI]  - RecipeManagerContextImpl
[21:12:23] [main/DEBUG] [REI]  - ItemComparatorRegistryImpl
[21:12:23] [main/DEBUG] [REI]  - FluidComparatorRegistryImpl
[21:12:23] [main/DEBUG] [REI]  - DisplaySerializerRegistryImpl
[21:12:23] [main/DEBUG] [REI]  - FluidSupportProviderImpl
[21:12:23] [main/DEBUG] [REI] Plugins (3):
[21:12:23] [main/DEBUG] [REI]  - (-100,00) DefaultPluginImpl of DefaultPluginImpl [roughlyenoughitems]
[21:12:23] [main/DEBUG] [REI]  - (0,00) DefaultRuntimePlugin of DefaultRuntimePlugin [roughlyenoughitems]
[21:12:23] [main/DEBUG] [REI]  - (0,00) ReiCompat of ReiCompat [travelersbackpack]
[21:12:23] [main/DEBUG] [REI] ========================================
[21:12:23] [main/TRACE] [REI] [REIPlugin START] Reloading Section: "pre-register/"
[21:12:23] [main/TRACE] [REI] [REIPlugin START] Reloading Section: "pre-register/DefaultPluginImpl of DefaultPluginImpl [roughlyenoughitems]/"
[21:12:23] [main/TRACE] [REI] [REIPlugin START] Reloading Section: "pre-register/DefaultPluginImpl of DefaultPluginImpl [roughlyenoughitems]/" done in 1.526 ms
[21:12:23] [main/TRACE] [REI] [REIPlugin START] Reloading Section: "pre-register/DefaultRuntimePlugin of DefaultRuntimePlugin [roughlyenoughitems]/"
[21:12:23] [main/TRACE] [REI] [REIPlugin START] Reloading Section: "pre-register/DefaultRuntimePlugin of DefaultRuntimePlugin [roughlyenoughitems]/" done in 55.30 μs
[21:12:23] [main/TRACE] [REI] [REIPlugin START] Reloading Section: "pre-register/ReiCompat of ReiCompat [travelersbackpack]/"
[21:12:23] [main/TRACE] [REI] [REIPlugin START] Reloading Section: "pre-register/ReiCompat of ReiCompat [travelersbackpack]/" done in 39.50 μs
[21:12:23] [main/TRACE] [REI] [REIPlugin START] Reloading Section: "pre-register/" done in 19.62 ms
[21:12:23] [main/TRACE] [REI] [REIPlugin START] Reloading Section: "pre-stage/"
[21:12:23] [main/TRACE] [REI] [REIPlugin START] Reloading Section: "pre-stage/EntryTypeRegistryImpl/"
[21:12:23] [main/TRACE] [REI] [REIPlugin START] Reloading Section: "pre-stage/EntryTypeRegistryImpl/" done in 459.8 μs
[21:12:23] [main/TRACE] [REI] [REIPlugin START] Reloading Section: "pre-stage/EntrySettingsAdapterRegistryImpl/"
[21:12:23] [main/TRACE] [REI] [REIPlugin START] Reloading Section: "pre-stage/EntrySettingsAdapterRegistryImpl/" done in 305.5 μs
[21:12:23] [main/TRACE] [REI] [REIPlugin START] Reloading Section: "pre-stage/RecipeManagerContextImpl/"
[21:12:23] [main/TRACE] [REI] [REIPlugin START] Reloading Section: "pre-stage/RecipeManagerContextImpl/" done in 75.50 μs
[21:12:23] [main/TRACE] [REI] [REIPlugin START] Reloading Section: "pre-stage/ItemComparatorRegistryImpl/"
[21:12:23] [main/TRACE] [REI] [REIPlugin START] Reloading Section: "pre-stage/ItemComparatorRegistryImpl/" done in 52.10 μs
[21:12:23] [main/TRACE] [REI] [REIPlugin START] Reloading Section: "pre-stage/FluidComparatorRegistryImpl/"
[21:12:23] [main/TRACE] [REI] [REIPlugin START] Reloading Section: "pre-stage/FluidComparatorRegistryImpl/" done in 53.50 μs
[21:12:23] [main/TRACE] [REI] [REIPlugin START] Reloading Section: "pre-stage/DisplaySerializerRegistryImpl/"
[21:12:23] [main/TRACE] [REI] [REIPlugin START] Reloading Section: "pre-stage/DisplaySerializerRegistryImpl/" done in 30.80 μs
[21:12:23] [main/TRACE] [REI] [REIPlugin START] Reloading Section: "pre-stage/FluidSupportProviderImpl/"
[21:12:23] [main/TRACE] [REI] [REIPlugin START] Reloading Section: "pre-stage/FluidSupportProviderImpl/" done in 26.40 μs
[21:12:23] [main/TRACE] [REI] [REIPlugin START] Reloading Section: "pre-stage/" done in 2.687 ms
[21:12:23] [main/DEBUG] [REI] ========================================
[21:12:23] [main/DEBUG] [REI] REIPlugin finished pre-reload for START in 23.61 ms.
[21:12:23] [main/DEBUG] [REI] ========================================
[21:12:23] [main/DEBUG] [REI] ========================================
[21:12:23] [main/DEBUG] [REI] REIServerPlugin starting pre-reload for START.
[21:12:23] [main/DEBUG] [REI] Reloadables (2):
[21:12:23] [main/DEBUG] [REI]  - MenuInfoRegistryImpl
[21:12:23] [main/DEBUG] [REI]  - SlotAccessorRegistryImpl
[21:12:23] [main/DEBUG] [REI] Plugins (3):
[21:12:23] [main/DEBUG] [REI]  - (-100,00) DefaultPluginImpl of DefaultPluginImpl [roughlyenoughitems]
[21:12:23] [main/DEBUG] [REI]  - (0,00) ReiCompat of ReiCompat [travelersbackpack]
[21:12:23] [main/DEBUG] [REI]  - (0,00) DefaultRuntimePlugin of DefaultRuntimePlugin [roughlyenoughitems]
[21:12:23] [main/DEBUG] [REI] ========================================
[21:12:23] [main/TRACE] [REI] [REIServerPlugin START] Reloading Section: "pre-register/"
[21:12:23] [main/TRACE] [REI] [REIServerPlugin START] Reloading Section: "pre-register/DefaultPluginImpl of DefaultPluginImpl [roughlyenoughitems]/"
[21:12:23] [main/TRACE] [REI] [REIServerPlugin START] Reloading Section: "pre-register/DefaultPluginImpl of DefaultPluginImpl [roughlyenoughitems]/" done in 49.00 μs
[21:12:23] [main/TRACE] [REI] [REIServerPlugin START] Reloading Section: "pre-register/ReiCompat of ReiCompat [travelersbackpack]/"
[21:12:23] [main/TRACE] [REI] [REIServerPlugin START] Reloading Section: "pre-register/ReiCompat of ReiCompat [travelersbackpack]/" done in 69.80 μs
[21:12:23] [main/TRACE] [REI] [REIServerPlugin START] Reloading Section: "pre-register/DefaultRuntimePlugin of DefaultRuntimePlugin [roughlyenoughitems]/"
[21:12:23] [main/TRACE] [REI] [REIServerPlugin START] Reloading Section: "pre-register/DefaultRuntimePlugin of DefaultRuntimePlugin [roughlyenoughitems]/" done in 45.00 μs
[21:12:23] [main/TRACE] [REI] [REIServerPlugin START] Reloading Section: "pre-register/" done in 564.2 μs
[21:12:23] [main/TRACE] [REI] [REIServerPlugin START] Reloading Section: "pre-stage/"
[21:12:23] [main/TRACE] [REI] [REIServerPlugin START] Reloading Section: "pre-stage/MenuInfoRegistryImpl/"
[21:12:23] [main/TRACE] [REI] [REIServerPlugin START] Reloading Section: "pre-stage/MenuInfoRegistryImpl/" done in 58.40 μs
[21:12:23] [main/TRACE] [REI] [REIServerPlugin START] Reloading Section: "pre-stage/SlotAccessorRegistryImpl/"
[21:12:23] [main/TRACE] [REI] [REIServerPlugin START] Reloading Section: "pre-stage/SlotAccessorRegistryImpl/" done in 54.10 μs
[21:12:23] [main/TRACE] [REI] [REIServerPlugin START] Reloading Section: "pre-stage/" done in 440.8 μs
[21:12:23] [main/DEBUG] [REI] ========================================
[21:12:23] [main/DEBUG] [REI] REIServerPlugin finished pre-reload for START in 1.288 ms.
[21:12:23] [main/DEBUG] [REI] ========================================
[21:12:23] [main/INFO] [REI] %%%%%%%%%%%%%%%%%%%%%%%%%%%%%%%%%%%%%%%%
[21:12:23] [main/INFO] [REI] REIPlugin starting main-reload for START.
[21:12:23] [main/DEBUG] [REI] Reloadables (7):
[21:12:23] [main/DEBUG] [REI]  - EntryTypeRegistryImpl
[21:12:23] [main/DEBUG] [REI]  - EntrySettingsAdapterRegistryImpl
[21:12:23] [main/DEBUG] [REI]  - RecipeManagerContextImpl
[21:12:23] [main/DEBUG] [REI]  - ItemComparatorRegistryImpl
[21:12:23] [main/DEBUG] [REI]  - FluidComparatorRegistryImpl
[21:12:23] [main/DEBUG] [REI]  - DisplaySerializerRegistryImpl
[21:12:23] [main/DEBUG] [REI]  - FluidSupportProviderImpl
[21:12:23] [main/INFO] [REI] Plugins (3):
[21:12:24] [main/INFO] [REI]  - (-100,00) DefaultPluginImpl of DefaultPluginImpl [roughlyenoughitems]
[21:12:24] [main/INFO] [REI]  - (0,00) DefaultRuntimePlugin of DefaultRuntimePlugin [roughlyenoughitems]
[21:12:24] [main/INFO] [REI]  - (0,00) ReiCompat of ReiCompat [travelersbackpack]
[21:12:24] [main/INFO] [REI] %%%%%%%%%%%%%%%%%%%%%%%%%%%%%%%%%%%%%%%%
[21:12:24] [main/TRACE] [REI] [REIPlugin START] Reloading Section: "start-reload/"
[21:12:24] [main/TRACE] [REI] [REIPlugin START] Reloading Section: "start-reload/EntryTypeRegistryImpl/"
[21:12:24] [main/TRACE] [REI] [REIPlugin START] Reloading Section: "start-reload/EntryTypeRegistryImpl/" done in 196.4 μs
[21:12:24] [main/TRACE] [REI] [REIPlugin START] Reloading Section: "start-reload/EntrySettingsAdapterRegistryImpl/"
[21:12:24] [main/TRACE] [REI] [REIPlugin START] Reloading Section: "start-reload/EntrySettingsAdapterRegistryImpl/" done in 69.50 μs
[21:12:24] [main/TRACE] [REI] [REIPlugin START] Reloading Section: "start-reload/RecipeManagerContextImpl/"
[21:12:24] [main/TRACE] [REI] [REIPlugin START] Reloading Section: "start-reload/RecipeManagerContextImpl/" done in 50.10 μs
[21:12:24] [main/TRACE] [REI] [REIPlugin START] Reloading Section: "start-reload/ItemComparatorRegistryImpl/"
[21:12:24] [main/TRACE] [REI] [REIPlugin START] Reloading Section: "start-reload/ItemComparatorRegistryImpl/" done in 75.30 μs
[21:12:24] [main/TRACE] [REI] [REIPlugin START] Reloading Section: "start-reload/FluidComparatorRegistryImpl/"
[21:12:24] [main/TRACE] [REI] [REIPlugin START] Reloading Section: "start-reload/FluidComparatorRegistryImpl/" done in 71.90 μs
[21:12:24] [main/TRACE] [REI] [REIPlugin START] Reloading Section: "start-reload/DisplaySerializerRegistryImpl/"
[21:12:24] [main/TRACE] [REI] [REIPlugin START] Reloading Section: "start-reload/DisplaySerializerRegistryImpl/" done in 73.20 μs
[21:12:24] [main/TRACE] [REI] [REIPlugin START] Reloading Section: "start-reload/FluidSupportProviderImpl/"
[21:12:24] [main/TRACE] [REI] [REIPlugin START] Reloading Section: "start-reload/FluidSupportProviderImpl/" done in 53.40 μs
[21:12:24] [main/TRACE] [REI] [REIPlugin START] Reloading Section: "start-reload/" done in 1.721 ms
[21:12:24] [main/DEBUG] [REI] ========================================
[21:12:24] [main/DEBUG] [REI] REIPlugin started main-reload for START.
[21:12:24] [main/DEBUG] [REI] ========================================
[21:12:24] [main/TRACE] [REI] [REIPlugin START] Reloading Section: "reloadable-plugin/EntryTypeRegistryImpl/"
[21:12:24] [main/TRACE] [REI] [REIPlugin START] Reloading Section: "reloadable-plugin/EntryTypeRegistryImpl/DefaultPluginImpl of DefaultPluginImpl [roughlyenoughitems]/"
[21:12:24] [main/TRACE] [REI] [REIPlugin START] Reloading Section: "reloadable-plugin/EntryTypeRegistryImpl/DefaultPluginImpl of DefaultPluginImpl [roughlyenoughitems]/" done in 637.3 μs
[21:12:24] [main/TRACE] [REI] [REIPlugin START] Reloading Section: "reloadable-plugin/EntryTypeRegistryImpl/DefaultRuntimePlugin of DefaultRuntimePlugin [roughlyenoughitems]/"
[21:12:24] [main/TRACE] [REI] [REIPlugin START] Reloading Section: "reloadable-plugin/EntryTypeRegistryImpl/DefaultRuntimePlugin of DefaultRuntimePlugin [roughlyenoughitems]/" done in 17.98 ms
[21:12:24] [main/TRACE] [REI] [REIPlugin START] Reloading Section: "reloadable-plugin/EntryTypeRegistryImpl/ReiCompat of ReiCompat [travelersbackpack]/"
[21:12:24] [main/TRACE] [REI] [REIPlugin START] Reloading Section: "reloadable-plugin/EntryTypeRegistryImpl/ReiCompat of ReiCompat [travelersbackpack]/" done in 42.10 μs
[21:12:24] [main/TRACE] [REI] [REIPlugin START] Reloading Section: "reloadable-plugin/EntryTypeRegistryImpl/" done in 19.67 ms
[21:12:24] [main/TRACE] [REI] [REIPlugin START] Reloading Section: "reloadable-plugin/EntrySettingsAdapterRegistryImpl/"
[21:12:24] [main/TRACE] [REI] [REIPlugin START] Reloading Section: "reloadable-plugin/EntrySettingsAdapterRegistryImpl/DefaultPluginImpl of DefaultPluginImpl [roughlyenoughitems]/"
[21:12:24] [main/TRACE] [REI] [REIPlugin START] Reloading Section: "reloadable-plugin/EntrySettingsAdapterRegistryImpl/DefaultPluginImpl of DefaultPluginImpl [roughlyenoughitems]/" done in 31.60 μs
[21:12:24] [main/TRACE] [REI] [REIPlugin START] Reloading Section: "reloadable-plugin/EntrySettingsAdapterRegistryImpl/DefaultRuntimePlugin of DefaultRuntimePlugin [roughlyenoughitems]/"
[21:12:24] [main/TRACE] [REI] [REIPlugin START] Reloading Section: "reloadable-plugin/EntrySettingsAdapterRegistryImpl/DefaultRuntimePlugin of DefaultRuntimePlugin [roughlyenoughitems]/" done in 41.50 μs
[21:12:24] [main/TRACE] [REI] [REIPlugin START] Reloading Section: "reloadable-plugin/EntrySettingsAdapterRegistryImpl/ReiCompat of ReiCompat [travelersbackpack]/"
[21:12:24] [main/TRACE] [REI] [REIPlugin START] Reloading Section: "reloadable-plugin/EntrySettingsAdapterRegistryImpl/ReiCompat of ReiCompat [travelersbackpack]/" done in 27.60 μs
[21:12:24] [main/TRACE] [REI] [REIPlugin START] Reloading Section: "reloadable-plugin/EntrySettingsAdapterRegistryImpl/" done in 285.4 μs
[21:12:24] [main/TRACE] [REI] [REIPlugin START] Reloading Section: "reloadable-plugin/RecipeManagerContextImpl/"
[21:12:24] [main/TRACE] [REI] [REIPlugin START] Reloading Section: "reloadable-plugin/RecipeManagerContextImpl/DefaultPluginImpl of DefaultPluginImpl [roughlyenoughitems]/"
[21:12:24] [main/TRACE] [REI] [REIPlugin START] Reloading Section: "reloadable-plugin/RecipeManagerContextImpl/DefaultPluginImpl of DefaultPluginImpl [roughlyenoughitems]/" done in 32.80 μs
[21:12:24] [main/TRACE] [REI] [REIPlugin START] Reloading Section: "reloadable-plugin/RecipeManagerContextImpl/DefaultRuntimePlugin of DefaultRuntimePlugin [roughlyenoughitems]/"
[21:12:24] [main/TRACE] [REI] [REIPlugin START] Reloading Section: "reloadable-plugin/RecipeManagerContextImpl/DefaultRuntimePlugin of DefaultRuntimePlugin [roughlyenoughitems]/" done in 28.40 μs
[21:12:24] [main/TRACE] [REI] [REIPlugin START] Reloading Section: "reloadable-plugin/RecipeManagerContextImpl/ReiCompat of ReiCompat [travelersbackpack]/"
[21:12:24] [main/TRACE] [REI] [REIPlugin START] Reloading Section: "reloadable-plugin/RecipeManagerContextImpl/ReiCompat of ReiCompat [travelersbackpack]/" done in 25.70 μs
[21:12:24] [main/TRACE] [REI] [REIPlugin START] Reloading Section: "reloadable-plugin/RecipeManagerContextImpl/" done in 302.1 μs
[21:12:24] [main/TRACE] [REI] [REIPlugin START] Reloading Section: "reloadable-plugin/ItemComparatorRegistryImpl/"
[21:12:24] [main/TRACE] [REI] [REIPlugin START] Reloading Section: "reloadable-plugin/ItemComparatorRegistryImpl/DefaultPluginImpl of DefaultPluginImpl [roughlyenoughitems]/"
[21:12:24] [main/TRACE] [REI] [REIPlugin START] Reloading Section: "reloadable-plugin/ItemComparatorRegistryImpl/DefaultPluginImpl of DefaultPluginImpl [roughlyenoughitems]/" done in 1.214 ms
[21:12:24] [main/TRACE] [REI] [REIPlugin START] Reloading Section: "reloadable-plugin/ItemComparatorRegistryImpl/DefaultRuntimePlugin of DefaultRuntimePlugin [roughlyenoughitems]/"
[21:12:24] [main/TRACE] [REI] [REIPlugin START] Reloading Section: "reloadable-plugin/ItemComparatorRegistryImpl/DefaultRuntimePlugin of DefaultRuntimePlugin [roughlyenoughitems]/" done in 62.60 μs
[21:12:24] [main/TRACE] [REI] [REIPlugin START] Reloading Section: "reloadable-plugin/ItemComparatorRegistryImpl/ReiCompat of ReiCompat [travelersbackpack]/"
[21:12:24] [main/TRACE] [REI] [REIPlugin START] Reloading Section: "reloadable-plugin/ItemComparatorRegistryImpl/ReiCompat of ReiCompat [travelersbackpack]/" done in 38.90 μs
[21:12:24] [main/TRACE] [REI] [REIPlugin START] Reloading Section: "reloadable-plugin/ItemComparatorRegistryImpl/" done in 1.704 ms
[21:12:24] [main/TRACE] [REI] [REIPlugin START] Reloading Section: "reloadable-plugin/FluidComparatorRegistryImpl/"
[21:12:24] [main/TRACE] [REI] [REIPlugin START] Reloading Section: "reloadable-plugin/FluidComparatorRegistryImpl/DefaultPluginImpl of DefaultPluginImpl [roughlyenoughitems]/"
[21:12:24] [main/TRACE] [REI] [REIPlugin START] Reloading Section: "reloadable-plugin/FluidComparatorRegistryImpl/DefaultPluginImpl of DefaultPluginImpl [roughlyenoughitems]/" done in 42.50 μs
[21:12:24] [main/TRACE] [REI] [REIPlugin START] Reloading Section: "reloadable-plugin/FluidComparatorRegistryImpl/DefaultRuntimePlugin of DefaultRuntimePlugin [roughlyenoughitems]/"
[21:12:24] [main/TRACE] [REI] [REIPlugin START] Reloading Section: "reloadable-plugin/FluidComparatorRegistryImpl/DefaultRuntimePlugin of DefaultRuntimePlugin [roughlyenoughitems]/" done in 45.80 μs
[21:12:24] [main/TRACE] [REI] [REIPlugin START] Reloading Section: "reloadable-plugin/FluidComparatorRegistryImpl/ReiCompat of ReiCompat [travelersbackpack]/"
[21:12:24] [main/TRACE] [REI] [REIPlugin START] Reloading Section: "reloadable-plugin/FluidComparatorRegistryImpl/ReiCompat of ReiCompat [travelersbackpack]/" done in 26.00 μs
[21:12:24] [main/TRACE] [REI] [REIPlugin START] Reloading Section: "reloadable-plugin/FluidComparatorRegistryImpl/" done in 338.3 μs
[21:12:24] [main/TRACE] [REI] [REIPlugin START] Reloading Section: "reloadable-plugin/DisplaySerializerRegistryImpl/"
[21:12:24] [main/TRACE] [REI] [REIPlugin START] Reloading Section: "reloadable-plugin/DisplaySerializerRegistryImpl/DefaultPluginImpl of DefaultPluginImpl [roughlyenoughitems]/"
[21:12:24] [main/TRACE] [REI] [REIPlugin START] Reloading Section: "reloadable-plugin/DisplaySerializerRegistryImpl/DefaultPluginImpl of DefaultPluginImpl [roughlyenoughitems]/" done in 24.00 μs
[21:12:24] [main/TRACE] [REI] [REIPlugin START] Reloading Section: "reloadable-plugin/DisplaySerializerRegistryImpl/DefaultRuntimePlugin of DefaultRuntimePlugin [roughlyenoughitems]/"
[21:12:24] [main/TRACE] [REI] [REIPlugin START] Reloading Section: "reloadable-plugin/DisplaySerializerRegistryImpl/DefaultRuntimePlugin of DefaultRuntimePlugin [roughlyenoughitems]/" done in 22.80 μs
[21:12:24] [main/TRACE] [REI] [REIPlugin START] Reloading Section: "reloadable-plugin/DisplaySerializerRegistryImpl/ReiCompat of ReiCompat [travelersbackpack]/"
[21:12:24] [main/TRACE] [REI] [REIPlugin START] Reloading Section: "reloadable-plugin/DisplaySerializerRegistryImpl/ReiCompat of ReiCompat [travelersbackpack]/" done in 23.40 μs
[21:12:24] [main/TRACE] [REI] [REIPlugin START] Reloading Section: "reloadable-plugin/DisplaySerializerRegistryImpl/" done in 229.9 μs
[21:12:24] [main/TRACE] [REI] [REIPlugin START] Reloading Section: "reloadable-plugin/FluidSupportProviderImpl/"
[21:12:24] [main/TRACE] [REI] [REIPlugin START] Reloading Section: "reloadable-plugin/FluidSupportProviderImpl/DefaultPluginImpl of DefaultPluginImpl [roughlyenoughitems]/"
[21:12:24] [main/TRACE] [REI] [REIPlugin START] Reloading Section: "reloadable-plugin/FluidSupportProviderImpl/DefaultPluginImpl of DefaultPluginImpl [roughlyenoughitems]/" done in 1.162 ms
[21:12:24] [main/TRACE] [REI] [REIPlugin START] Reloading Section: "reloadable-plugin/FluidSupportProviderImpl/DefaultRuntimePlugin of DefaultRuntimePlugin [roughlyenoughitems]/"
[21:12:24] [main/TRACE] [REI] [REIPlugin START] Reloading Section: "reloadable-plugin/FluidSupportProviderImpl/DefaultRuntimePlugin of DefaultRuntimePlugin [roughlyenoughitems]/" done in 79.30 μs
[21:12:24] [main/TRACE] [REI] [REIPlugin START] Reloading Section: "reloadable-plugin/FluidSupportProviderImpl/ReiCompat of ReiCompat [travelersbackpack]/"
[21:12:24] [main/TRACE] [REI] [REIPlugin START] Reloading Section: "reloadable-plugin/FluidSupportProviderImpl/ReiCompat of ReiCompat [travelersbackpack]/" done in 35.70 μs
[21:12:24] [main/TRACE] [REI] [REIPlugin START] Reloading Section: "reloadable-plugin/FluidSupportProviderImpl/" done in 1.791 ms
[21:12:24] [main/DEBUG] [REI] ========================================
[21:12:24] [main/DEBUG] [REI] REIPlugin ending main-reload for START.
[21:12:24] [main/DEBUG] [REI] ========================================
[21:12:24] [main/TRACE] [REI] [REIPlugin START] Reloading Section: "end-reload/"
[21:12:24] [main/TRACE] [REI] [REIPlugin START] Reloading Section: "end-reload/EntryTypeRegistryImpl/"
[21:12:24] [main/TRACE] [REI] [REIPlugin START] Reloading Section: "end-reload/EntryTypeRegistryImpl/" done in 113.8 μs
[21:12:24] [main/TRACE] [REI] [REIPlugin START] Reloading Section: "end-reload/EntrySettingsAdapterRegistryImpl/"
[21:12:24] [main/TRACE] [REI] [REIPlugin START] Reloading Section: "end-reload/EntrySettingsAdapterRegistryImpl/" done in 24.90 μs
[21:12:24] [main/TRACE] [REI] [REIPlugin START] Reloading Section: "end-reload/RecipeManagerContextImpl/"
[21:12:24] [main/TRACE] [REI] [REIPlugin START] Reloading Section: "end-reload/RecipeManagerContextImpl/" done in 30.10 μs
[21:12:24] [main/TRACE] [REI] [REIPlugin START] Reloading Section: "end-reload/ItemComparatorRegistryImpl/"
[21:12:24] [main/TRACE] [REI] [REIPlugin START] Reloading Section: "end-reload/ItemComparatorRegistryImpl/" done in 27.70 μs
[21:12:24] [main/TRACE] [REI] [REIPlugin START] Reloading Section: "end-reload/FluidComparatorRegistryImpl/"
[21:12:24] [main/TRACE] [REI] [REIPlugin START] Reloading Section: "end-reload/FluidComparatorRegistryImpl/" done in 38.70 μs
[21:12:24] [main/TRACE] [REI] [REIPlugin START] Reloading Section: "end-reload/DisplaySerializerRegistryImpl/"
[21:12:24] [main/TRACE] [REI] [REIPlugin START] Reloading Section: "end-reload/DisplaySerializerRegistryImpl/" done in 19.90 μs
[21:12:24] [main/TRACE] [REI] [REIPlugin START] Reloading Section: "end-reload/FluidSupportProviderImpl/"
[21:12:24] [main/TRACE] [REI] [REIPlugin START] Reloading Section: "end-reload/FluidSupportProviderImpl/" done in 29.00 μs
[21:12:24] [main/TRACE] [REI] [REIPlugin START] Reloading Section: "end-reload/" done in 893.6 μs
[21:12:24] [main/DEBUG] [REI] ========================================
[21:12:24] [main/DEBUG] [REI] REIPlugin ended main-reload for START in 29.71 ms.
[21:12:24] [main/DEBUG] [REI] ========================================
[21:12:24] [main/INFO] [REI] ****************************************
[21:12:24] [main/INFO] [REI] REIServerPlugin starting main-reload for START.
[21:12:24] [main/DEBUG] [REI] Reloadables (2):
[21:12:24] [main/DEBUG] [REI]  - MenuInfoRegistryImpl
[21:12:24] [main/DEBUG] [REI]  - SlotAccessorRegistryImpl
[21:12:24] [main/INFO] [REI] Plugins (3):
[21:12:24] [main/INFO] [REI]  - (-100,00) DefaultPluginImpl of DefaultPluginImpl [roughlyenoughitems]
[21:12:24] [main/INFO] [REI]  - (0,00) ReiCompat of ReiCompat [travelersbackpack]
[21:12:24] [main/INFO] [REI]  - (0,00) DefaultRuntimePlugin of DefaultRuntimePlugin [roughlyenoughitems]
[21:12:24] [main/INFO] [REI] ****************************************
[21:12:24] [main/TRACE] [REI] [REIServerPlugin START] Reloading Section: "start-reload/"
[21:12:24] [main/TRACE] [REI] [REIServerPlugin START] Reloading Section: "start-reload/MenuInfoRegistryImpl/"
[21:12:24] [main/TRACE] [REI] [REIServerPlugin START] Reloading Section: "start-reload/MenuInfoRegistryImpl/" done in 26.00 μs
[21:12:24] [main/TRACE] [REI] [REIServerPlugin START] Reloading Section: "start-reload/SlotAccessorRegistryImpl/"
[21:12:24] [main/TRACE] [REI] [REIServerPlugin START] Reloading Section: "start-reload/SlotAccessorRegistryImpl/" done in 17.50 μs
[21:12:24] [main/TRACE] [REI] [REIServerPlugin START] Reloading Section: "start-reload/" done in 154.5 μs
[21:12:24] [main/DEBUG] [REI] ========================================
[21:12:24] [main/DEBUG] [REI] REIServerPlugin started main-reload for START.
[21:12:24] [main/DEBUG] [REI] ========================================
[21:12:24] [main/TRACE] [REI] [REIServerPlugin START] Reloading Section: "reloadable-plugin/MenuInfoRegistryImpl/"
[21:12:24] [main/TRACE] [REI] [REIServerPlugin START] Reloading Section: "reloadable-plugin/MenuInfoRegistryImpl/DefaultPluginImpl of DefaultPluginImpl [roughlyenoughitems]/"
[21:12:24] [main/TRACE] [REI] [REIServerPlugin START] Reloading Section: "reloadable-plugin/MenuInfoRegistryImpl/DefaultPluginImpl of DefaultPluginImpl [roughlyenoughitems]/" done in 34.70 μs
[21:12:24] [main/TRACE] [REI] [REIServerPlugin START] Reloading Section: "reloadable-plugin/MenuInfoRegistryImpl/ReiCompat of ReiCompat [travelersbackpack]/"
[21:12:24] [main/TRACE] [REI] [REIServerPlugin START] Reloading Section: "reloadable-plugin/MenuInfoRegistryImpl/ReiCompat of ReiCompat [travelersbackpack]/" done in 28.50 μs
[21:12:24] [main/TRACE] [REI] [REIServerPlugin START] Reloading Section: "reloadable-plugin/MenuInfoRegistryImpl/DefaultRuntimePlugin of DefaultRuntimePlugin [roughlyenoughitems]/"
[21:12:24] [main/TRACE] [REI] [REIServerPlugin START] Reloading Section: "reloadable-plugin/MenuInfoRegistryImpl/DefaultRuntimePlugin of DefaultRuntimePlugin [roughlyenoughitems]/" done in 20.70 μs
[21:12:24] [main/TRACE] [REI] [REIServerPlugin START] Reloading Section: "reloadable-plugin/MenuInfoRegistryImpl/" done in 354.2 μs
[21:12:24] [main/TRACE] [REI] [REIServerPlugin START] Reloading Section: "reloadable-plugin/SlotAccessorRegistryImpl/"
[21:12:24] [main/TRACE] [REI] [REIServerPlugin START] Reloading Section: "reloadable-plugin/SlotAccessorRegistryImpl/DefaultPluginImpl of DefaultPluginImpl [roughlyenoughitems]/"
[21:12:24] [main/TRACE] [REI] [REIServerPlugin START] Reloading Section: "reloadable-plugin/SlotAccessorRegistryImpl/DefaultPluginImpl of DefaultPluginImpl [roughlyenoughitems]/" done in 27.60 μs
[21:12:24] [main/TRACE] [REI] [REIServerPlugin START] Reloading Section: "reloadable-plugin/SlotAccessorRegistryImpl/ReiCompat of ReiCompat [travelersbackpack]/"
[21:12:24] [main/TRACE] [REI] [REIServerPlugin START] Reloading Section: "reloadable-plugin/SlotAccessorRegistryImpl/ReiCompat of ReiCompat [travelersbackpack]/" done in 25.80 μs
[21:12:24] [main/TRACE] [REI] [REIServerPlugin START] Reloading Section: "reloadable-plugin/SlotAccessorRegistryImpl/DefaultRuntimePlugin of DefaultRuntimePlugin [roughlyenoughitems]/"
[21:12:24] [main/TRACE] [REI] [REIServerPlugin START] Reloading Section: "reloadable-plugin/SlotAccessorRegistryImpl/DefaultRuntimePlugin of DefaultRuntimePlugin [roughlyenoughitems]/" done in 69.90 μs
[21:12:24] [main/TRACE] [REI] [REIServerPlugin START] Reloading Section: "reloadable-plugin/SlotAccessorRegistryImpl/" done in 459.1 μs
[21:12:24] [main/DEBUG] [REI] ========================================
[21:12:24] [main/DEBUG] [REI] REIServerPlugin ending main-reload for START.
[21:12:24] [main/DEBUG] [REI] ========================================
[21:12:24] [main/TRACE] [REI] [REIServerPlugin START] Reloading Section: "end-reload/"
[21:12:24] [main/TRACE] [REI] [REIServerPlugin START] Reloading Section: "end-reload/MenuInfoRegistryImpl/"
[21:12:24] [main/TRACE] [REI] [REIServerPlugin START] Reloading Section: "end-reload/MenuInfoRegistryImpl/" done in 17.70 μs
[21:12:24] [main/TRACE] [REI] [REIServerPlugin START] Reloading Section: "end-reload/SlotAccessorRegistryImpl/"
[21:12:24] [main/TRACE] [REI] [REIServerPlugin START] Reloading Section: "end-reload/SlotAccessorRegistryImpl/" done in 19.20 μs
[21:12:24] [main/TRACE] [REI] [REIServerPlugin START] Reloading Section: "end-reload/" done in 144.7 μs
[21:12:24] [main/DEBUG] [REI] ========================================
[21:12:24] [main/DEBUG] [REI] REIServerPlugin ended main-reload for START in 1.765 ms.
[21:12:24] [main/DEBUG] [REI] ========================================
[21:12:24] [main/DEBUG] [REI] ========================================
[21:12:24] [main/DEBUG] [REI] REIPlugin starting post-reload for START.
[21:12:24] [main/DEBUG] [REI] Reloadables (7):
[21:12:24] [main/DEBUG] [REI]  - EntryTypeRegistryImpl
[21:12:24] [main/DEBUG] [REI]  - EntrySettingsAdapterRegistryImpl
[21:12:24] [main/DEBUG] [REI]  - RecipeManagerContextImpl
[21:12:24] [main/DEBUG] [REI]  - ItemComparatorRegistryImpl
[21:12:24] [main/DEBUG] [REI]  - FluidComparatorRegistryImpl
[21:12:24] [main/DEBUG] [REI]  - DisplaySerializerRegistryImpl
[21:12:24] [main/DEBUG] [REI]  - FluidSupportProviderImpl
[21:12:24] [main/DEBUG] [REI] Plugins (3):
[21:12:24] [main/DEBUG] [REI]  - (-100,00) DefaultPluginImpl of DefaultPluginImpl [roughlyenoughitems]
[21:12:24] [main/DEBUG] [REI]  - (0,00) DefaultRuntimePlugin of DefaultRuntimePlugin [roughlyenoughitems]
[21:12:24] [main/DEBUG] [REI]  - (0,00) ReiCompat of ReiCompat [travelersbackpack]
[21:12:24] [main/DEBUG] [REI] ========================================
[21:12:24] [main/TRACE] [REI] [REIPlugin START] Reloading Section: "post-register/"
[21:12:24] [main/TRACE] [REI] [REIPlugin START] Reloading Section: "post-register/DefaultPluginImpl of DefaultPluginImpl [roughlyenoughitems]/"
[21:12:24] [main/TRACE] [REI] [REIPlugin START] Reloading Section: "post-register/DefaultPluginImpl of DefaultPluginImpl [roughlyenoughitems]/" done in 282.3 μs
[21:12:24] [main/TRACE] [REI] [REIPlugin START] Reloading Section: "post-register/DefaultRuntimePlugin of DefaultRuntimePlugin [roughlyenoughitems]/"
[21:12:24] [main/TRACE] [REI] [REIPlugin START] Reloading Section: "post-register/DefaultRuntimePlugin of DefaultRuntimePlugin [roughlyenoughitems]/" done in 33.70 μs
[21:12:24] [main/TRACE] [REI] [REIPlugin START] Reloading Section: "post-register/ReiCompat of ReiCompat [travelersbackpack]/"
[21:12:24] [main/TRACE] [REI] [REIPlugin START] Reloading Section: "post-register/ReiCompat of ReiCompat [travelersbackpack]/" done in 20.70 μs
[21:12:24] [main/TRACE] [REI] [REIPlugin START] Reloading Section: "post-register/" done in 862.0 μs
[21:12:24] [main/TRACE] [REI] [REIPlugin START] Reloading Section: "post-stage/"
[21:12:24] [main/TRACE] [REI] [REIPlugin START] Reloading Section: "post-stage/EntryTypeRegistryImpl/"
[21:12:24] [main/TRACE] [REI] [REIPlugin START] Reloading Section: "post-stage/EntryTypeRegistryImpl/" done in 29.30 μs
[21:12:24] [main/TRACE] [REI] [REIPlugin START] Reloading Section: "post-stage/EntrySettingsAdapterRegistryImpl/"
[21:12:24] [main/TRACE] [REI] [REIPlugin START] Reloading Section: "post-stage/EntrySettingsAdapterRegistryImpl/" done in 18.00 μs
[21:12:24] [main/TRACE] [REI] [REIPlugin START] Reloading Section: "post-stage/RecipeManagerContextImpl/"
[21:12:24] [main/TRACE] [REI] [REIPlugin START] Reloading Section: "post-stage/RecipeManagerContextImpl/" done in 17.00 μs
[21:12:24] [main/TRACE] [REI] [REIPlugin START] Reloading Section: "post-stage/ItemComparatorRegistryImpl/"
[21:12:24] [main/TRACE] [REI] [REIPlugin START] Reloading Section: "post-stage/ItemComparatorRegistryImpl/" done in 28.60 μs
[21:12:24] [main/TRACE] [REI] [REIPlugin START] Reloading Section: "post-stage/FluidComparatorRegistryImpl/"
[21:12:24] [main/TRACE] [REI] [REIPlugin START] Reloading Section: "post-stage/FluidComparatorRegistryImpl/" done in 20.70 μs
[21:12:24] [main/TRACE] [REI] [REIPlugin START] Reloading Section: "post-stage/DisplaySerializerRegistryImpl/"
[21:12:24] [main/TRACE] [REI] [REIPlugin START] Reloading Section: "post-stage/DisplaySerializerRegistryImpl/" done in 17.40 μs
[21:12:24] [main/TRACE] [REI] [REIPlugin START] Reloading Section: "post-stage/FluidSupportProviderImpl/"
[21:12:24] [main/TRACE] [REI] [REIPlugin START] Reloading Section: "post-stage/FluidSupportProviderImpl/" done in 17.30 μs
[21:12:24] [main/TRACE] [REI] [REIPlugin START] Reloading Section: "post-stage/" done in 566.1 μs
[21:12:24] [main/DEBUG] [REI] ========================================
[21:12:24] [main/INFO] [REI] REIPlugin finished post-reload for START in 1.511 ms, totaling 54.84 ms.
[21:12:24] [main/DEBUG] [REI] ========================================
[21:12:24] [main/DEBUG] [REI] ========================================
[21:12:24] [main/DEBUG] [REI] REIServerPlugin starting post-reload for START.
[21:12:24] [main/DEBUG] [REI] Reloadables (2):
[21:12:24] [main/DEBUG] [REI]  - MenuInfoRegistryImpl
[21:12:24] [main/DEBUG] [REI]  - SlotAccessorRegistryImpl
[21:12:24] [main/DEBUG] [REI] Plugins (3):
[21:12:24] [main/DEBUG] [REI]  - (-100,00) DefaultPluginImpl of DefaultPluginImpl [roughlyenoughitems]
[21:12:24] [main/DEBUG] [REI]  - (0,00) ReiCompat of ReiCompat [travelersbackpack]
[21:12:24] [main/DEBUG] [REI]  - (0,00) DefaultRuntimePlugin of DefaultRuntimePlugin [roughlyenoughitems]
[21:12:24] [main/DEBUG] [REI] ========================================
[21:12:24] [main/TRACE] [REI] [REIServerPlugin START] Reloading Section: "post-register/"
[21:12:24] [main/TRACE] [REI] [REIServerPlugin START] Reloading Section: "post-register/DefaultPluginImpl of DefaultPluginImpl [roughlyenoughitems]/"
[21:12:24] [main/TRACE] [REI] [REIServerPlugin START] Reloading Section: "post-register/DefaultPluginImpl of DefaultPluginImpl [roughlyenoughitems]/" done in 47.10 μs
[21:12:24] [main/TRACE] [REI] [REIServerPlugin START] Reloading Section: "post-register/ReiCompat of ReiCompat [travelersbackpack]/"
[21:12:24] [main/TRACE] [REI] [REIServerPlugin START] Reloading Section: "post-register/ReiCompat of ReiCompat [travelersbackpack]/" done in 37.90 μs
[21:12:24] [main/TRACE] [REI] [REIServerPlugin START] Reloading Section: "post-register/DefaultRuntimePlugin of DefaultRuntimePlugin [roughlyenoughitems]/"
[21:12:24] [main/TRACE] [REI] [REIServerPlugin START] Reloading Section: "post-register/DefaultRuntimePlugin of DefaultRuntimePlugin [roughlyenoughitems]/" done in 200.5 μs
[21:12:24] [main/TRACE] [REI] [REIServerPlugin START] Reloading Section: "post-register/" done in 1.185 ms
[21:12:24] [main/TRACE] [REI] [REIServerPlugin START] Reloading Section: "post-stage/"
[21:12:24] [main/TRACE] [REI] [REIServerPlugin START] Reloading Section: "post-stage/MenuInfoRegistryImpl/"
[21:12:24] [main/TRACE] [REI] [REIServerPlugin START] Reloading Section: "post-stage/MenuInfoRegistryImpl/" done in 323.2 μs
[21:12:24] [main/TRACE] [REI] [REIServerPlugin START] Reloading Section: "post-stage/SlotAccessorRegistryImpl/"
[21:12:24] [main/TRACE] [REI] [REIServerPlugin START] Reloading Section: "post-stage/SlotAccessorRegistryImpl/" done in 117.9 μs
[21:12:24] [main/TRACE] [REI] [REIServerPlugin START] Reloading Section: "post-stage/" done in 1.139 ms
[21:12:24] [main/DEBUG] [REI] ========================================
[21:12:24] [main/INFO] [REI] REIServerPlugin finished post-reload for START in 2.576 ms, totaling 5.613 ms.
[21:12:24] [main/DEBUG] [REI] ========================================
[21:12:24] [main/DEBUG] [REI] ========================================
[21:12:24] [main/DEBUG] [REI] REIPlugin starting pre-reload for END.
[21:12:24] [main/DEBUG] [REI] Reloadables (7):
[21:12:24] [main/DEBUG] [REI]  - EntryTypeRegistryImpl
[21:12:24] [main/DEBUG] [REI]  - EntrySettingsAdapterRegistryImpl
[21:12:24] [main/DEBUG] [REI]  - RecipeManagerContextImpl
[21:12:24] [main/DEBUG] [REI]  - ItemComparatorRegistryImpl
[21:12:24] [main/DEBUG] [REI]  - FluidComparatorRegistryImpl
[21:12:24] [main/DEBUG] [REI]  - DisplaySerializerRegistryImpl
[21:12:24] [main/DEBUG] [REI]  - FluidSupportProviderImpl
[21:12:24] [main/DEBUG] [REI] Plugins (3):
[21:12:24] [main/DEBUG] [REI]  - (-100,00) DefaultPluginImpl of DefaultPluginImpl [roughlyenoughitems]
[21:12:24] [main/DEBUG] [REI]  - (0,00) DefaultRuntimePlugin of DefaultRuntimePlugin [roughlyenoughitems]
[21:12:24] [main/DEBUG] [REI]  - (0,00) ReiCompat of ReiCompat [travelersbackpack]
[21:12:24] [main/DEBUG] [REI] ========================================
[21:12:24] [main/TRACE] [REI] [REIPlugin END] Reloading Section: "pre-register/"
[21:12:24] [main/TRACE] [REI] [REIPlugin END] Reloading Section: "pre-register/DefaultPluginImpl of DefaultPluginImpl [roughlyenoughitems]/"
[21:12:24] [main/TRACE] [REI] [REIPlugin END] Reloading Section: "pre-register/DefaultPluginImpl of DefaultPluginImpl [roughlyenoughitems]/" done in 35.00 μs
[21:12:24] [main/TRACE] [REI] [REIPlugin END] Reloading Section: "pre-register/DefaultRuntimePlugin of DefaultRuntimePlugin [roughlyenoughitems]/"
[21:12:24] [main/TRACE] [REI] [REIPlugin END] Reloading Section: "pre-register/DefaultRuntimePlugin of DefaultRuntimePlugin [roughlyenoughitems]/" done in 20.90 μs
[21:12:24] [main/TRACE] [REI] [REIPlugin END] Reloading Section: "pre-register/ReiCompat of ReiCompat [travelersbackpack]/"
[21:12:24] [main/TRACE] [REI] [REIPlugin END] Reloading Section: "pre-register/ReiCompat of ReiCompat [travelersbackpack]/" done in 22.40 μs
[21:12:24] [main/TRACE] [REI] [REIPlugin END] Reloading Section: "pre-register/" done in 336.6 μs
[21:12:24] [main/TRACE] [REI] [REIPlugin END] Reloading Section: "pre-stage/"
[21:12:24] [main/TRACE] [REI] [REIPlugin END] Reloading Section: "pre-stage/EntryTypeRegistryImpl/"
[21:12:24] [main/TRACE] [REI] [REIPlugin END] Reloading Section: "pre-stage/EntryTypeRegistryImpl/" done in 84.10 μs
[21:12:24] [main/TRACE] [REI] [REIPlugin END] Reloading Section: "pre-stage/EntrySettingsAdapterRegistryImpl/"
[21:12:24] [main/TRACE] [REI] [REIPlugin END] Reloading Section: "pre-stage/EntrySettingsAdapterRegistryImpl/" done in 19.10 μs
[21:12:24] [main/TRACE] [REI] [REIPlugin END] Reloading Section: "pre-stage/RecipeManagerContextImpl/"
[21:12:24] [main/TRACE] [REI] [REIPlugin END] Reloading Section: "pre-stage/RecipeManagerContextImpl/" done in 16.40 μs
[21:12:24] [main/TRACE] [REI] [REIPlugin END] Reloading Section: "pre-stage/ItemComparatorRegistryImpl/"
[21:12:24] [main/TRACE] [REI] [REIPlugin END] Reloading Section: "pre-stage/ItemComparatorRegistryImpl/" done in 16.40 μs
[21:12:24] [main/TRACE] [REI] [REIPlugin END] Reloading Section: "pre-stage/FluidComparatorRegistryImpl/"
[21:12:24] [main/TRACE] [REI] [REIPlugin END] Reloading Section: "pre-stage/FluidComparatorRegistryImpl/" done in 28.00 μs
[21:12:24] [main/TRACE] [REI] [REIPlugin END] Reloading Section: "pre-stage/DisplaySerializerRegistryImpl/"
[21:12:24] [main/TRACE] [REI] [REIPlugin END] Reloading Section: "pre-stage/DisplaySerializerRegistryImpl/" done in 19.50 μs
[21:12:24] [main/TRACE] [REI] [REIPlugin END] Reloading Section: "pre-stage/FluidSupportProviderImpl/"
[21:12:24] [main/TRACE] [REI] [REIPlugin END] Reloading Section: "pre-stage/FluidSupportProviderImpl/" done in 25.20 μs
[21:12:24] [main/TRACE] [REI] [REIPlugin END] Reloading Section: "pre-stage/" done in 610.5 μs
[21:12:24] [main/DEBUG] [REI] ========================================
[21:12:24] [main/DEBUG] [REI] REIPlugin finished pre-reload for END in 1.080 ms.
[21:12:24] [main/DEBUG] [REI] ========================================
[21:12:24] [main/DEBUG] [REI] ========================================
[21:12:24] [main/DEBUG] [REI] REIServerPlugin starting pre-reload for END.
[21:12:24] [main/DEBUG] [REI] Reloadables (2):
[21:12:24] [main/DEBUG] [REI]  - MenuInfoRegistryImpl
[21:12:24] [main/DEBUG] [REI]  - SlotAccessorRegistryImpl
[21:12:24] [main/DEBUG] [REI] Plugins (3):
[21:12:24] [main/DEBUG] [REI]  - (-100,00) DefaultPluginImpl of DefaultPluginImpl [roughlyenoughitems]
[21:12:24] [main/DEBUG] [REI]  - (0,00) ReiCompat of ReiCompat [travelersbackpack]
[21:12:24] [main/DEBUG] [REI]  - (0,00) DefaultRuntimePlugin of DefaultRuntimePlugin [roughlyenoughitems]
[21:12:24] [main/DEBUG] [REI] ========================================
[21:12:24] [main/TRACE] [REI] [REIServerPlugin END] Reloading Section: "pre-register/"
[21:12:24] [main/TRACE] [REI] [REIServerPlugin END] Reloading Section: "pre-register/DefaultPluginImpl of DefaultPluginImpl [roughlyenoughitems]/"
[21:12:24] [main/TRACE] [REI] [REIServerPlugin END] Reloading Section: "pre-register/DefaultPluginImpl of DefaultPluginImpl [roughlyenoughitems]/" done in 29.60 μs
[21:12:24] [main/TRACE] [REI] [REIServerPlugin END] Reloading Section: "pre-register/ReiCompat of ReiCompat [travelersbackpack]/"
[21:12:24] [main/TRACE] [REI] [REIServerPlugin END] Reloading Section: "pre-register/ReiCompat of ReiCompat [travelersbackpack]/" done in 18.60 μs
[21:12:24] [main/TRACE] [REI] [REIServerPlugin END] Reloading Section: "pre-register/DefaultRuntimePlugin of DefaultRuntimePlugin [roughlyenoughitems]/"
[21:12:24] [main/TRACE] [REI] [REIServerPlugin END] Reloading Section: "pre-register/DefaultRuntimePlugin of DefaultRuntimePlugin [roughlyenoughitems]/" done in 22.70 μs
[21:12:24] [main/TRACE] [REI] [REIServerPlugin END] Reloading Section: "pre-register/" done in 232.0 μs
[21:12:24] [main/TRACE] [REI] [REIServerPlugin END] Reloading Section: "pre-stage/"
[21:12:24] [main/TRACE] [REI] [REIServerPlugin END] Reloading Section: "pre-stage/MenuInfoRegistryImpl/"
[21:12:24] [main/TRACE] [REI] [REIServerPlugin END] Reloading Section: "pre-stage/MenuInfoRegistryImpl/" done in 18.10 μs
[21:12:24] [main/TRACE] [REI] [REIServerPlugin END] Reloading Section: "pre-stage/SlotAccessorRegistryImpl/"
[21:12:24] [main/TRACE] [REI] [REIServerPlugin END] Reloading Section: "pre-stage/SlotAccessorRegistryImpl/" done in 23.40 μs
[21:12:24] [main/TRACE] [REI] [REIServerPlugin END] Reloading Section: "pre-stage/" done in 142.6 μs
[21:12:24] [main/DEBUG] [REI] ========================================
[21:12:24] [main/DEBUG] [REI] REIServerPlugin finished pre-reload for END in 442.4 μs.
[21:12:24] [main/DEBUG] [REI] ========================================
[21:12:24] [main/INFO] [REI] ~~~~~~~~~~~~~~~~~~~~~~~~~~~~~~~~~~~~~~~~
[21:12:24] [main/INFO] [REI] REIPlugin starting main-reload for END.
[21:12:24] [main/DEBUG] [REI] Reloadables (7):
[21:12:24] [main/DEBUG] [REI]  - EntryTypeRegistryImpl
[21:12:24] [main/DEBUG] [REI]  - EntrySettingsAdapterRegistryImpl
[21:12:24] [main/DEBUG] [REI]  - RecipeManagerContextImpl
[21:12:24] [main/DEBUG] [REI]  - ItemComparatorRegistryImpl
[21:12:24] [main/DEBUG] [REI]  - FluidComparatorRegistryImpl
[21:12:24] [main/DEBUG] [REI]  - DisplaySerializerRegistryImpl
[21:12:24] [main/DEBUG] [REI]  - FluidSupportProviderImpl
[21:12:24] [main/INFO] [REI] Plugins (3):
[21:12:24] [main/INFO] [REI]  - (-100,00) DefaultPluginImpl of DefaultPluginImpl [roughlyenoughitems]
[21:12:24] [main/INFO] [REI]  - (0,00) DefaultRuntimePlugin of DefaultRuntimePlugin [roughlyenoughitems]
[21:12:24] [main/INFO] [REI]  - (0,00) ReiCompat of ReiCompat [travelersbackpack]
[21:12:24] [main/INFO] [REI] ~~~~~~~~~~~~~~~~~~~~~~~~~~~~~~~~~~~~~~~~
[21:12:24] [main/TRACE] [REI] [REIPlugin END] Reloading Section: "start-reload/"
[21:12:24] [main/TRACE] [REI] [REIPlugin END] Reloading Section: "start-reload/EntryTypeRegistryImpl/"
[21:12:24] [main/TRACE] [REI] [REIPlugin END] Reloading Section: "start-reload/EntryTypeRegistryImpl/" done in 469.0 μs
[21:12:24] [main/TRACE] [REI] [REIPlugin END] Reloading Section: "start-reload/EntrySettingsAdapterRegistryImpl/"
[21:12:24] [main/TRACE] [REI] [REIPlugin END] Reloading Section: "start-reload/EntrySettingsAdapterRegistryImpl/" done in 68.80 μs
[21:12:24] [main/TRACE] [REI] [REIPlugin END] Reloading Section: "start-reload/RecipeManagerContextImpl/"
[21:12:24] [main/TRACE] [REI] [REIPlugin END] Reloading Section: "start-reload/RecipeManagerContextImpl/" done in 47.40 μs
[21:12:24] [main/TRACE] [REI] [REIPlugin END] Reloading Section: "start-reload/ItemComparatorRegistryImpl/"
[21:12:24] [main/TRACE] [REI] [REIPlugin END] Reloading Section: "start-reload/ItemComparatorRegistryImpl/" done in 41.10 μs
[21:12:24] [main/TRACE] [REI] [REIPlugin END] Reloading Section: "start-reload/FluidComparatorRegistryImpl/"
[21:12:24] [main/TRACE] [REI] [REIPlugin END] Reloading Section: "start-reload/FluidComparatorRegistryImpl/" done in 41.90 μs
[21:12:24] [main/TRACE] [REI] [REIPlugin END] Reloading Section: "start-reload/DisplaySerializerRegistryImpl/"
[21:12:24] [main/TRACE] [REI] [REIPlugin END] Reloading Section: "start-reload/DisplaySerializerRegistryImpl/" done in 128.3 μs
[21:12:24] [main/TRACE] [REI] [REIPlugin END] Reloading Section: "start-reload/FluidSupportProviderImpl/"
[21:12:24] [main/TRACE] [REI] [REIPlugin END] Reloading Section: "start-reload/FluidSupportProviderImpl/" done in 33.70 μs
[21:12:24] [main/TRACE] [REI] [REIPlugin END] Reloading Section: "start-reload/" done in 1.866 ms
[21:12:24] [main/DEBUG] [REI] ========================================
[21:12:24] [main/DEBUG] [REI] REIPlugin started main-reload for END.
[21:12:24] [main/DEBUG] [REI] ========================================
[21:12:24] [main/TRACE] [REI] [REIPlugin END] Reloading Section: "reloadable-plugin/EntryTypeRegistryImpl/"
[21:12:24] [main/TRACE] [REI] [REIPlugin END] Reloading Section: "reloadable-plugin/EntryTypeRegistryImpl/DefaultPluginImpl of DefaultPluginImpl [roughlyenoughitems]/"
[21:12:24] [main/TRACE] [REI] [REIPlugin END] Reloading Section: "reloadable-plugin/EntryTypeRegistryImpl/DefaultPluginImpl of DefaultPluginImpl [roughlyenoughitems]/" done in 43.90 μs
[21:12:24] [main/TRACE] [REI] [REIPlugin END] Reloading Section: "reloadable-plugin/EntryTypeRegistryImpl/DefaultRuntimePlugin of DefaultRuntimePlugin [roughlyenoughitems]/"
[21:12:24] [main/TRACE] [REI] [REIPlugin END] Reloading Section: "reloadable-plugin/EntryTypeRegistryImpl/DefaultRuntimePlugin of DefaultRuntimePlugin [roughlyenoughitems]/" done in 52.50 μs
[21:12:24] [main/TRACE] [REI] [REIPlugin END] Reloading Section: "reloadable-plugin/EntryTypeRegistryImpl/ReiCompat of ReiCompat [travelersbackpack]/"
[21:12:24] [main/TRACE] [REI] [REIPlugin END] Reloading Section: "reloadable-plugin/EntryTypeRegistryImpl/ReiCompat of ReiCompat [travelersbackpack]/" done in 46.20 μs
[21:12:24] [main/TRACE] [REI] [REIPlugin END] Reloading Section: "reloadable-plugin/EntryTypeRegistryImpl/" done in 556.0 μs
[21:12:24] [main/TRACE] [REI] [REIPlugin END] Reloading Section: "reloadable-plugin/EntrySettingsAdapterRegistryImpl/"
[21:12:24] [main/TRACE] [REI] [REIPlugin END] Reloading Section: "reloadable-plugin/EntrySettingsAdapterRegistryImpl/DefaultPluginImpl of DefaultPluginImpl [roughlyenoughitems]/"
[21:12:24] [main/TRACE] [REI] [REIPlugin END] Reloading Section: "reloadable-plugin/EntrySettingsAdapterRegistryImpl/DefaultPluginImpl of DefaultPluginImpl [roughlyenoughitems]/" done in 54.40 μs
[21:12:24] [main/TRACE] [REI] [REIPlugin END] Reloading Section: "reloadable-plugin/EntrySettingsAdapterRegistryImpl/DefaultRuntimePlugin of DefaultRuntimePlugin [roughlyenoughitems]/"
[21:12:24] [main/TRACE] [REI] [REIPlugin END] Reloading Section: "reloadable-plugin/EntrySettingsAdapterRegistryImpl/DefaultRuntimePlugin of DefaultRuntimePlugin [roughlyenoughitems]/" done in 90.10 μs
[21:12:24] [main/TRACE] [REI] [REIPlugin END] Reloading Section: "reloadable-plugin/EntrySettingsAdapterRegistryImpl/ReiCompat of ReiCompat [travelersbackpack]/"
[21:12:24] [main/TRACE] [REI] [REIPlugin END] Reloading Section: "reloadable-plugin/EntrySettingsAdapterRegistryImpl/ReiCompat of ReiCompat [travelersbackpack]/" done in 46.40 μs
[21:12:24] [main/TRACE] [REI] [REIPlugin END] Reloading Section: "reloadable-plugin/EntrySettingsAdapterRegistryImpl/" done in 731.2 μs
[21:12:24] [main/TRACE] [REI] [REIPlugin END] Reloading Section: "reloadable-plugin/RecipeManagerContextImpl/"
[21:12:24] [main/TRACE] [REI] [REIPlugin END] Reloading Section: "reloadable-plugin/RecipeManagerContextImpl/DefaultPluginImpl of DefaultPluginImpl [roughlyenoughitems]/"
[21:12:24] [main/TRACE] [REI] [REIPlugin END] Reloading Section: "reloadable-plugin/RecipeManagerContextImpl/DefaultPluginImpl of DefaultPluginImpl [roughlyenoughitems]/" done in 49.40 μs
[21:12:24] [main/TRACE] [REI] [REIPlugin END] Reloading Section: "reloadable-plugin/RecipeManagerContextImpl/DefaultRuntimePlugin of DefaultRuntimePlugin [roughlyenoughitems]/"
[21:12:24] [main/TRACE] [REI] [REIPlugin END] Reloading Section: "reloadable-plugin/RecipeManagerContextImpl/DefaultRuntimePlugin of DefaultRuntimePlugin [roughlyenoughitems]/" done in 134.6 μs
[21:12:24] [main/TRACE] [REI] [REIPlugin END] Reloading Section: "reloadable-plugin/RecipeManagerContextImpl/ReiCompat of ReiCompat [travelersbackpack]/"
[21:12:24] [main/TRACE] [REI] [REIPlugin END] Reloading Section: "reloadable-plugin/RecipeManagerContextImpl/ReiCompat of ReiCompat [travelersbackpack]/" done in 84.50 μs
[21:12:24] [main/TRACE] [REI] [REIPlugin END] Reloading Section: "reloadable-plugin/RecipeManagerContextImpl/" done in 1.210 ms
[21:12:24] [main/TRACE] [REI] [REIPlugin END] Reloading Section: "reloadable-plugin/ItemComparatorRegistryImpl/"
[21:12:24] [main/TRACE] [REI] [REIPlugin END] Reloading Section: "reloadable-plugin/ItemComparatorRegistryImpl/DefaultPluginImpl of DefaultPluginImpl [roughlyenoughitems]/"
[21:12:24] [main/TRACE] [REI] [REIPlugin END] Reloading Section: "reloadable-plugin/ItemComparatorRegistryImpl/DefaultPluginImpl of DefaultPluginImpl [roughlyenoughitems]/" done in 89.80 μs
[21:12:24] [main/TRACE] [REI] [REIPlugin END] Reloading Section: "reloadable-plugin/ItemComparatorRegistryImpl/DefaultRuntimePlugin of DefaultRuntimePlugin [roughlyenoughitems]/"
[21:12:24] [main/TRACE] [REI] [REIPlugin END] Reloading Section: "reloadable-plugin/ItemComparatorRegistryImpl/DefaultRuntimePlugin of DefaultRuntimePlugin [roughlyenoughitems]/" done in 176.0 μs
[21:12:24] [main/TRACE] [REI] [REIPlugin END] Reloading Section: "reloadable-plugin/ItemComparatorRegistryImpl/ReiCompat of ReiCompat [travelersbackpack]/"
[21:12:24] [main/TRACE] [REI] [REIPlugin END] Reloading Section: "reloadable-plugin/ItemComparatorRegistryImpl/ReiCompat of ReiCompat [travelersbackpack]/" done in 144.5 μs
[21:12:24] [main/TRACE] [REI] [REIPlugin END] Reloading Section: "reloadable-plugin/ItemComparatorRegistryImpl/" done in 1.891 ms
[21:12:24] [main/TRACE] [REI] [REIPlugin END] Reloading Section: "reloadable-plugin/FluidComparatorRegistryImpl/"
[21:12:24] [main/TRACE] [REI] [REIPlugin END] Reloading Section: "reloadable-plugin/FluidComparatorRegistryImpl/DefaultPluginImpl of DefaultPluginImpl [roughlyenoughitems]/"
[21:12:24] [main/TRACE] [REI] [REIPlugin END] Reloading Section: "reloadable-plugin/FluidComparatorRegistryImpl/DefaultPluginImpl of DefaultPluginImpl [roughlyenoughitems]/" done in 31.70 μs
[21:12:24] [main/TRACE] [REI] [REIPlugin END] Reloading Section: "reloadable-plugin/FluidComparatorRegistryImpl/DefaultRuntimePlugin of DefaultRuntimePlugin [roughlyenoughitems]/"
[21:12:24] [main/TRACE] [REI] [REIPlugin END] Reloading Section: "reloadable-plugin/FluidComparatorRegistryImpl/DefaultRuntimePlugin of DefaultRuntimePlugin [roughlyenoughitems]/" done in 51.30 μs
[21:12:24] [main/TRACE] [REI] [REIPlugin END] Reloading Section: "reloadable-plugin/FluidComparatorRegistryImpl/ReiCompat of ReiCompat [travelersbackpack]/"
[21:12:24] [main/TRACE] [REI] [REIPlugin END] Reloading Section: "reloadable-plugin/FluidComparatorRegistryImpl/ReiCompat of ReiCompat [travelersbackpack]/" done in 94.20 μs
[21:12:24] [main/TRACE] [REI] [REIPlugin END] Reloading Section: "reloadable-plugin/FluidComparatorRegistryImpl/" done in 699.9 μs
[21:12:24] [main/TRACE] [REI] [REIPlugin END] Reloading Section: "reloadable-plugin/DisplaySerializerRegistryImpl/"
[21:12:24] [main/TRACE] [REI] [REIPlugin END] Reloading Section: "reloadable-plugin/DisplaySerializerRegistryImpl/DefaultPluginImpl of DefaultPluginImpl [roughlyenoughitems]/"
[21:12:24] [main/TRACE] [REI] [REIPlugin END] Reloading Section: "reloadable-plugin/DisplaySerializerRegistryImpl/DefaultPluginImpl of DefaultPluginImpl [roughlyenoughitems]/" done in 45.74 ms
[21:12:24] [main/TRACE] [REI] [REIPlugin END] Reloading Section: "reloadable-plugin/DisplaySerializerRegistryImpl/DefaultRuntimePlugin of DefaultRuntimePlugin [roughlyenoughitems]/"
[21:12:24] [main/TRACE] [REI] [REIPlugin END] Reloading Section: "reloadable-plugin/DisplaySerializerRegistryImpl/DefaultRuntimePlugin of DefaultRuntimePlugin [roughlyenoughitems]/" done in 104.7 μs
[21:12:24] [main/TRACE] [REI] [REIPlugin END] Reloading Section: "reloadable-plugin/DisplaySerializerRegistryImpl/ReiCompat of ReiCompat [travelersbackpack]/"
[21:12:24] [main/TRACE] [REI] [REIPlugin END] Reloading Section: "reloadable-plugin/DisplaySerializerRegistryImpl/ReiCompat of ReiCompat [travelersbackpack]/" done in 29.80 μs
[21:12:24] [main/TRACE] [REI] [REIPlugin END] Reloading Section: "reloadable-plugin/DisplaySerializerRegistryImpl/" done in 46.50 ms
[21:12:24] [main/TRACE] [REI] [REIPlugin END] Reloading Section: "reloadable-plugin/FluidSupportProviderImpl/"
[21:12:24] [main/TRACE] [REI] [REIPlugin END] Reloading Section: "reloadable-plugin/FluidSupportProviderImpl/DefaultPluginImpl of DefaultPluginImpl [roughlyenoughitems]/"
[21:12:24] [main/TRACE] [REI] [REIPlugin END] Reloading Section: "reloadable-plugin/FluidSupportProviderImpl/DefaultPluginImpl of DefaultPluginImpl [roughlyenoughitems]/" done in 36.30 μs
[21:12:24] [main/TRACE] [REI] [REIPlugin END] Reloading Section: "reloadable-plugin/FluidSupportProviderImpl/DefaultRuntimePlugin of DefaultRuntimePlugin [roughlyenoughitems]/"
[21:12:24] [main/TRACE] [REI] [REIPlugin END] Reloading Section: "reloadable-plugin/FluidSupportProviderImpl/DefaultRuntimePlugin of DefaultRuntimePlugin [roughlyenoughitems]/" done in 29.00 μs
[21:12:24] [main/TRACE] [REI] [REIPlugin END] Reloading Section: "reloadable-plugin/FluidSupportProviderImpl/ReiCompat of ReiCompat [travelersbackpack]/"
[21:12:24] [main/TRACE] [REI] [REIPlugin END] Reloading Section: "reloadable-plugin/FluidSupportProviderImpl/ReiCompat of ReiCompat [travelersbackpack]/" done in 168.1 μs
[21:12:24] [main/TRACE] [REI] [REIPlugin END] Reloading Section: "reloadable-plugin/FluidSupportProviderImpl/" done in 1.318 ms
[21:12:24] [main/DEBUG] [REI] ========================================
[21:12:24] [main/DEBUG] [REI] REIPlugin ending main-reload for END.
[21:12:24] [main/DEBUG] [REI] ========================================
[21:12:24] [main/TRACE] [REI] [REIPlugin END] Reloading Section: "end-reload/"
[21:12:24] [main/TRACE] [REI] [REIPlugin END] Reloading Section: "end-reload/EntryTypeRegistryImpl/"
[21:12:24] [main/TRACE] [REI] [REIPlugin END] Reloading Section: "end-reload/EntryTypeRegistryImpl/" done in 19.60 μs
[21:12:24] [main/TRACE] [REI] [REIPlugin END] Reloading Section: "end-reload/EntrySettingsAdapterRegistryImpl/"
[21:12:24] [main/TRACE] [REI] [REIPlugin END] Reloading Section: "end-reload/EntrySettingsAdapterRegistryImpl/" done in 20.00 μs
[21:12:24] [main/TRACE] [REI] [REIPlugin END] Reloading Section: "end-reload/RecipeManagerContextImpl/"
[21:12:24] [main/TRACE] [REI] [REIPlugin END] Reloading Section: "end-reload/RecipeManagerContextImpl/" done in 17.40 μs
[21:12:24] [main/TRACE] [REI] [REIPlugin END] Reloading Section: "end-reload/ItemComparatorRegistryImpl/"
[21:12:24] [main/TRACE] [REI] [REIPlugin END] Reloading Section: "end-reload/ItemComparatorRegistryImpl/" done in 184.0 μs
[21:12:24] [main/TRACE] [REI] [REIPlugin END] Reloading Section: "end-reload/FluidComparatorRegistryImpl/"
[21:12:24] [main/TRACE] [REI] [REIPlugin END] Reloading Section: "end-reload/FluidComparatorRegistryImpl/" done in 232.0 μs
[21:12:24] [main/TRACE] [REI] [REIPlugin END] Reloading Section: "end-reload/DisplaySerializerRegistryImpl/"
[21:12:24] [main/TRACE] [REI] [REIPlugin END] Reloading Section: "end-reload/DisplaySerializerRegistryImpl/" done in 41.40 μs
[21:12:24] [main/TRACE] [REI] [REIPlugin END] Reloading Section: "end-reload/FluidSupportProviderImpl/"
[21:12:24] [main/TRACE] [REI] [REIPlugin END] Reloading Section: "end-reload/FluidSupportProviderImpl/" done in 24.60 μs
[21:12:24] [main/TRACE] [REI] [REIPlugin END] Reloading Section: "end-reload/" done in 1.642 ms
[21:12:24] [main/DEBUG] [REI] ========================================
[21:12:24] [main/DEBUG] [REI] REIPlugin ended main-reload for END in 58.22 ms.
[21:12:24] [main/DEBUG] [REI] ========================================
[21:12:24] [main/INFO] [REI] @@@@@@@@@@@@@@@@@@@@@@@@@@@@@@@@@@@@@@@@
[21:12:24] [main/INFO] [REI] REIServerPlugin starting main-reload for END.
[21:12:24] [main/DEBUG] [REI] Reloadables (2):
[21:12:24] [main/DEBUG] [REI]  - MenuInfoRegistryImpl
[21:12:24] [main/DEBUG] [REI]  - SlotAccessorRegistryImpl
[21:12:24] [main/INFO] [REI] Plugins (3):
[21:12:24] [main/INFO] [REI]  - (-100,00) DefaultPluginImpl of DefaultPluginImpl [roughlyenoughitems]
[21:12:24] [main/INFO] [REI]  - (0,00) ReiCompat of ReiCompat [travelersbackpack]
[21:12:24] [main/INFO] [REI]  - (0,00) DefaultRuntimePlugin of DefaultRuntimePlugin [roughlyenoughitems]
[21:12:24] [main/INFO] [REI] @@@@@@@@@@@@@@@@@@@@@@@@@@@@@@@@@@@@@@@@
[21:12:24] [main/TRACE] [REI] [REIServerPlugin END] Reloading Section: "start-reload/"
[21:12:24] [main/TRACE] [REI] [REIServerPlugin END] Reloading Section: "start-reload/MenuInfoRegistryImpl/"
[21:12:24] [main/TRACE] [REI] [REIServerPlugin END] Reloading Section: "start-reload/MenuInfoRegistryImpl/" done in 54.20 μs
[21:12:24] [main/TRACE] [REI] [REIServerPlugin END] Reloading Section: "start-reload/SlotAccessorRegistryImpl/"
[21:12:24] [main/TRACE] [REI] [REIServerPlugin END] Reloading Section: "start-reload/SlotAccessorRegistryImpl/" done in 29.50 μs
[21:12:24] [main/TRACE] [REI] [REIServerPlugin END] Reloading Section: "start-reload/" done in 253.6 μs
[21:12:24] [main/DEBUG] [REI] ========================================
[21:12:24] [main/DEBUG] [REI] REIServerPlugin started main-reload for END.
[21:12:24] [main/DEBUG] [REI] ========================================
[21:12:24] [main/TRACE] [REI] [REIServerPlugin END] Reloading Section: "reloadable-plugin/MenuInfoRegistryImpl/"
[21:12:24] [main/TRACE] [REI] [REIServerPlugin END] Reloading Section: "reloadable-plugin/MenuInfoRegistryImpl/DefaultPluginImpl of DefaultPluginImpl [roughlyenoughitems]/"
[21:12:24] [main/TRACE] [REI] [REIServerPlugin END] Reloading Section: "reloadable-plugin/MenuInfoRegistryImpl/DefaultPluginImpl of DefaultPluginImpl [roughlyenoughitems]/" done in 53.90 μs
[21:12:24] [main/TRACE] [REI] [REIServerPlugin END] Reloading Section: "reloadable-plugin/MenuInfoRegistryImpl/ReiCompat of ReiCompat [travelersbackpack]/"
[21:12:24] [main/DEBUG] [REI] Added menu info for class com.tiviacz.travelersbackpack.inventory.menu.TravelersBackpackBaseMenu [minecraft:plugins/crafting]: me.shedaniel.rei.api.common.transfer.info.simple.SimpleMenuInfoProvider$$Lambda$24465/0x0000015b5fb767c8@6309b7a8
[21:12:24] [main/TRACE] [REI] [REIServerPlugin END] Reloading Section: "reloadable-plugin/MenuInfoRegistryImpl/ReiCompat of ReiCompat [travelersbackpack]/" done in 9.501 ms
[21:12:24] [main/TRACE] [REI] [REIServerPlugin END] Reloading Section: "reloadable-plugin/MenuInfoRegistryImpl/DefaultRuntimePlugin of DefaultRuntimePlugin [roughlyenoughitems]/"
[21:12:24] [main/TRACE] [REI] [REIServerPlugin END] Reloading Section: "reloadable-plugin/MenuInfoRegistryImpl/DefaultRuntimePlugin of DefaultRuntimePlugin [roughlyenoughitems]/" done in 47.30 μs
[21:12:24] [main/TRACE] [REI] [REIServerPlugin END] Reloading Section: "reloadable-plugin/MenuInfoRegistryImpl/" done in 10.36 ms
[21:12:24] [main/TRACE] [REI] [REIServerPlugin END] Reloading Section: "reloadable-plugin/SlotAccessorRegistryImpl/"
[21:12:24] [main/TRACE] [REI] [REIServerPlugin END] Reloading Section: "reloadable-plugin/SlotAccessorRegistryImpl/DefaultPluginImpl of DefaultPluginImpl [roughlyenoughitems]/"
[21:12:24] [main/TRACE] [REI] [REIServerPlugin END] Reloading Section: "reloadable-plugin/SlotAccessorRegistryImpl/DefaultPluginImpl of DefaultPluginImpl [roughlyenoughitems]/" done in 52.40 μs
[21:12:24] [main/TRACE] [REI] [REIServerPlugin END] Reloading Section: "reloadable-plugin/SlotAccessorRegistryImpl/ReiCompat of ReiCompat [travelersbackpack]/"
[21:12:24] [main/TRACE] [REI] [REIServerPlugin END] Reloading Section: "reloadable-plugin/SlotAccessorRegistryImpl/ReiCompat of ReiCompat [travelersbackpack]/" done in 26.40 μs
[21:12:24] [main/TRACE] [REI] [REIServerPlugin END] Reloading Section: "reloadable-plugin/SlotAccessorRegistryImpl/DefaultRuntimePlugin of DefaultRuntimePlugin [roughlyenoughitems]/"
[21:12:24] [main/DEBUG] [REI] Added slot accessor serializer: me.shedaniel.rei.plugin.common.runtime.DefaultRuntimePlugin$1@2e89d58a [roughlyenoughitems:vanilla]
[21:12:24] [main/DEBUG] [REI] Added slot accessor serializer: me.shedaniel.rei.plugin.common.runtime.DefaultRuntimePlugin$2@7cbc95b6 [roughlyenoughitems:player]
[21:12:24] [main/TRACE] [REI] [REIServerPlugin END] Reloading Section: "reloadable-plugin/SlotAccessorRegistryImpl/DefaultRuntimePlugin of DefaultRuntimePlugin [roughlyenoughitems]/" done in 4.078 ms
[21:12:24] [main/TRACE] [REI] [REIServerPlugin END] Reloading Section: "reloadable-plugin/SlotAccessorRegistryImpl/" done in 4.431 ms
[21:12:24] [main/DEBUG] [REI] ========================================
[21:12:24] [main/DEBUG] [REI] REIServerPlugin ending main-reload for END.
[21:12:24] [main/DEBUG] [REI] ========================================
[21:12:24] [main/TRACE] [REI] [REIServerPlugin END] Reloading Section: "end-reload/"
[21:12:24] [main/TRACE] [REI] [REIServerPlugin END] Reloading Section: "end-reload/MenuInfoRegistryImpl/"
[21:12:24] [main/DEBUG] [REI] Registered 1 menu infos
[21:12:24] [main/TRACE] [REI] [REIServerPlugin END] Reloading Section: "end-reload/MenuInfoRegistryImpl/" done in 57.90 μs
[21:12:24] [main/TRACE] [REI] [REIServerPlugin END] Reloading Section: "end-reload/SlotAccessorRegistryImpl/"
[21:12:24] [main/DEBUG] [REI] Registered 2 slot accessor serializers
[21:12:24] [main/TRACE] [REI] [REIServerPlugin END] Reloading Section: "end-reload/SlotAccessorRegistryImpl/" done in 45.80 μs
[21:12:24] [main/TRACE] [REI] [REIServerPlugin END] Reloading Section: "end-reload/" done in 216.1 μs
[21:12:24] [main/DEBUG] [REI] ========================================
[21:12:24] [main/DEBUG] [REI] REIServerPlugin ended main-reload for END in 15.85 ms.
[21:12:24] [main/DEBUG] [REI] ========================================
[21:12:24] [main/DEBUG] [REI] ========================================
[21:12:24] [main/DEBUG] [REI] REIPlugin starting post-reload for END.
[21:12:24] [main/DEBUG] [REI] Reloadables (7):
[21:12:24] [main/DEBUG] [REI]  - EntryTypeRegistryImpl
[21:12:24] [main/DEBUG] [REI]  - EntrySettingsAdapterRegistryImpl
[21:12:24] [main/DEBUG] [REI]  - RecipeManagerContextImpl
[21:12:24] [main/DEBUG] [REI]  - ItemComparatorRegistryImpl
[21:12:24] [main/DEBUG] [REI]  - FluidComparatorRegistryImpl
[21:12:24] [main/DEBUG] [REI]  - DisplaySerializerRegistryImpl
[21:12:24] [main/DEBUG] [REI]  - FluidSupportProviderImpl
[21:12:24] [main/DEBUG] [REI] Plugins (3):
[21:12:24] [main/DEBUG] [REI]  - (-100,00) DefaultPluginImpl of DefaultPluginImpl [roughlyenoughitems]
[21:12:24] [main/DEBUG] [REI]  - (0,00) DefaultRuntimePlugin of DefaultRuntimePlugin [roughlyenoughitems]
[21:12:24] [main/DEBUG] [REI]  - (0,00) ReiCompat of ReiCompat [travelersbackpack]
[21:12:24] [main/DEBUG] [REI] ========================================
[21:12:24] [main/TRACE] [REI] [REIPlugin END] Reloading Section: "post-register/"
[21:12:24] [main/TRACE] [REI] [REIPlugin END] Reloading Section: "post-register/DefaultPluginImpl of DefaultPluginImpl [roughlyenoughitems]/"
[21:12:24] [main/TRACE] [REI] [REIPlugin END] Reloading Section: "post-register/DefaultPluginImpl of DefaultPluginImpl [roughlyenoughitems]/" done in 25.90 μs
[21:12:24] [main/TRACE] [REI] [REIPlugin END] Reloading Section: "post-register/DefaultRuntimePlugin of DefaultRuntimePlugin [roughlyenoughitems]/"
[21:12:24] [main/TRACE] [REI] [REIPlugin END] Reloading Section: "post-register/DefaultRuntimePlugin of DefaultRuntimePlugin [roughlyenoughitems]/" done in 16.60 μs
[21:12:24] [main/TRACE] [REI] [REIPlugin END] Reloading Section: "post-register/ReiCompat of ReiCompat [travelersbackpack]/"
[21:12:24] [main/TRACE] [REI] [REIPlugin END] Reloading Section: "post-register/ReiCompat of ReiCompat [travelersbackpack]/" done in 15.90 μs
[21:12:24] [main/TRACE] [REI] [REIPlugin END] Reloading Section: "post-register/" done in 265.9 μs
[21:12:24] [main/TRACE] [REI] [REIPlugin END] Reloading Section: "post-stage/"
[21:12:24] [main/TRACE] [REI] [REIPlugin END] Reloading Section: "post-stage/EntryTypeRegistryImpl/"
[21:12:24] [main/TRACE] [REI] [REIPlugin END] Reloading Section: "post-stage/EntryTypeRegistryImpl/" done in 20.30 μs
[21:12:24] [main/TRACE] [REI] [REIPlugin END] Reloading Section: "post-stage/EntrySettingsAdapterRegistryImpl/"
[21:12:24] [main/TRACE] [REI] [REIPlugin END] Reloading Section: "post-stage/EntrySettingsAdapterRegistryImpl/" done in 17.30 μs
[21:12:24] [main/TRACE] [REI] [REIPlugin END] Reloading Section: "post-stage/RecipeManagerContextImpl/"
[21:12:24] [main/TRACE] [REI] [REIPlugin END] Reloading Section: "post-stage/RecipeManagerContextImpl/" done in 17.40 μs
[21:12:24] [main/TRACE] [REI] [REIPlugin END] Reloading Section: "post-stage/ItemComparatorRegistryImpl/"
[21:12:24] [main/TRACE] [REI] [REIPlugin END] Reloading Section: "post-stage/ItemComparatorRegistryImpl/" done in 15.60 μs
[21:12:24] [main/TRACE] [REI] [REIPlugin END] Reloading Section: "post-stage/FluidComparatorRegistryImpl/"
[21:12:24] [main/TRACE] [REI] [REIPlugin END] Reloading Section: "post-stage/FluidComparatorRegistryImpl/" done in 14.50 μs
[21:12:24] [main/TRACE] [REI] [REIPlugin END] Reloading Section: "post-stage/DisplaySerializerRegistryImpl/"
[21:12:24] [main/TRACE] [REI] [REIPlugin END] Reloading Section: "post-stage/DisplaySerializerRegistryImpl/" done in 16.10 μs
[21:12:24] [main/TRACE] [REI] [REIPlugin END] Reloading Section: "post-stage/FluidSupportProviderImpl/"
[21:12:24] [main/TRACE] [REI] [REIPlugin END] Reloading Section: "post-stage/FluidSupportProviderImpl/" done in 23.60 μs
[21:12:24] [main/TRACE] [REI] [REIPlugin END] Reloading Section: "post-stage/" done in 420.3 μs
[21:12:24] [main/DEBUG] [REI] ========================================
[21:12:24] [main/INFO] [REI] REIPlugin finished post-reload for END in 820.3 μs, totaling 60.11 ms.
[21:12:24] [main/DEBUG] [REI] ========================================
[21:12:24] [main/DEBUG] [REI] ========================================
[21:12:24] [main/DEBUG] [REI] REIServerPlugin starting post-reload for END.
[21:12:24] [main/DEBUG] [REI] Reloadables (2):
[21:12:24] [main/DEBUG] [REI]  - MenuInfoRegistryImpl
[21:12:24] [main/DEBUG] [REI]  - SlotAccessorRegistryImpl
[21:12:24] [main/DEBUG] [REI] Plugins (3):
[21:12:24] [main/DEBUG] [REI]  - (-100,00) DefaultPluginImpl of DefaultPluginImpl [roughlyenoughitems]
[21:12:24] [main/DEBUG] [REI]  - (0,00) ReiCompat of ReiCompat [travelersbackpack]
[21:12:24] [main/DEBUG] [REI]  - (0,00) DefaultRuntimePlugin of DefaultRuntimePlugin [roughlyenoughitems]
[21:12:24] [main/DEBUG] [REI] ========================================
[21:12:24] [main/TRACE] [REI] [REIServerPlugin END] Reloading Section: "post-register/"
[21:12:24] [main/TRACE] [REI] [REIServerPlugin END] Reloading Section: "post-register/DefaultPluginImpl of DefaultPluginImpl [roughlyenoughitems]/"
[21:12:24] [main/TRACE] [REI] [REIServerPlugin END] Reloading Section: "post-register/DefaultPluginImpl of DefaultPluginImpl [roughlyenoughitems]/" done in 35.60 μs
[21:12:24] [main/TRACE] [REI] [REIServerPlugin END] Reloading Section: "post-register/ReiCompat of ReiCompat [travelersbackpack]/"
[21:12:24] [main/TRACE] [REI] [REIServerPlugin END] Reloading Section: "post-register/ReiCompat of ReiCompat [travelersbackpack]/" done in 42.80 μs
[21:12:24] [main/TRACE] [REI] [REIServerPlugin END] Reloading Section: "post-register/DefaultRuntimePlugin of DefaultRuntimePlugin [roughlyenoughitems]/"
[21:12:24] [main/TRACE] [REI] [REIServerPlugin END] Reloading Section: "post-register/DefaultRuntimePlugin of DefaultRuntimePlugin [roughlyenoughitems]/" done in 44.10 μs
[21:12:24] [main/TRACE] [REI] [REIServerPlugin END] Reloading Section: "post-register/" done in 673.6 μs
[21:12:24] [main/TRACE] [REI] [REIServerPlugin END] Reloading Section: "post-stage/"
[21:12:24] [main/TRACE] [REI] [REIServerPlugin END] Reloading Section: "post-stage/MenuInfoRegistryImpl/"
[21:12:24] [main/TRACE] [REI] [REIServerPlugin END] Reloading Section: "post-stage/MenuInfoRegistryImpl/" done in 22.80 μs
[21:12:24] [main/TRACE] [REI] [REIServerPlugin END] Reloading Section: "post-stage/SlotAccessorRegistryImpl/"
[21:12:24] [main/TRACE] [REI] [REIServerPlugin END] Reloading Section: "post-stage/SlotAccessorRegistryImpl/" done in 21.70 μs
[21:12:24] [main/TRACE] [REI] [REIServerPlugin END] Reloading Section: "post-stage/" done in 163.6 μs
[21:12:24] [main/DEBUG] [REI] ========================================
[21:12:24] [main/INFO] [REI] REIServerPlugin finished post-reload for END in 956.3 μs, totaling 17.23 ms.
[21:12:24] [main/DEBUG] [REI] ========================================
